  cgfgoban.cpp
C:\muzudho\document-a\33_第15回UEC杯コンピュータ囲碁大会\cgfgoban112\cgfgoban\cgfgoban.cpp(199,2): error C4996: 'strcpy': This function or variable may be unsafe. Consider using strcpy_s instead. To disable deprecation, use _CRT_SECURE_NO_WARNINGS. See online help for details.
C:\muzudho\document-a\33_第15回UEC杯コンピュータ囲碁大会\cgfgoban112\cgfgoban\cgfgoban.cpp(252,15): warning C4267: '=': 'size_t' から 'int' に変換しました。データが失われているかもしれません。
C:\muzudho\document-a\33_第15回UEC杯コンピュータ囲碁大会\cgfgoban112\cgfgoban\cgfgoban.cpp(272,26): warning C4244: '=': 'WCHAR' から 'char' への変換です。データが失われる可能性があります。
  cgf_main.cpp
  cgf_pipe.cpp
C:\muzudho\document-a\33_第15回UEC杯コンピュータ囲碁大会\cgfgoban112\cgfgoban\cgf_pipe.cpp(34,13): warning C4244: '初期化中': 'intptr_t' から 'long' への変換です。データが失われる可能性があります。
C:\muzudho\document-a\33_第15回UEC杯コンピュータ囲碁大会\cgfgoban112\cgfgoban\cgf_pipe.cpp(29,2): error C4996: 'strcpy': This function or variable may be unsafe. Consider using strcpy_s instead. To disable deprecation, use _CRT_SECURE_NO_WARNINGS. See online help for details.
C:\muzudho\document-a\33_第15回UEC杯コンピュータ囲碁大会\cgfgoban112\cgfgoban\cgf_pipe.cpp(104,13): error C2664: 'BOOL CreateProcessW(LPCWSTR,LPWSTR,LPSECURITY_ATTRIBUTES,LPSECURITY_ATTRIBUTES,BOOL,DWORD,LPVOID,LPCWSTR,LPSTARTUPINFOW,LPPROCESS_INFORMATION)': 引数 2 を 'char [256]' から 'LPWSTR' へ変換できません。
C:\muzudho\document-a\33_第15回UEC杯コンピュータ囲碁大会\cgfgoban112\cgfgoban\cgf_pipe.cpp(104,43): message : 指示された型は関連がありません。変換には reinterpret_cast、C スタイル キャストまたはかっこで囲まれた関数スタイル キャストが必要です。
C:\Program Files (x86)\Windows Kits\10\Include\10.0.22621.0\um\processthreadsapi.h(385,1): message : 'CreateProcessW' の宣言を確認してください
C:\muzudho\document-a\33_第15回UEC杯コンピュータ囲碁大会\cgfgoban112\cgfgoban\cgf_pipe.cpp(104,13): message : 引数リスト '(int, char [256], int, int, int, int, int, int, STARTUPINFO *, PROCESS_INFORMATION *)' を一致させようとしているとき
C:\muzudho\document-a\33_第15回UEC杯コンピュータ囲碁大会\cgfgoban112\cgfgoban\cgf_pipe.cpp(194,30): error C4996: 'strcpy': This function or variable may be unsafe. Consider using strcpy_s instead. To disable deprecation, use _CRT_SECURE_NO_WARNINGS. See online help for details.
C:\muzudho\document-a\33_第15回UEC杯コンピュータ囲碁大会\cgfgoban112\cgfgoban\cgf_pipe.cpp(197,2): error C4996: 'strcpy': This function or variable may be unsafe. Consider using strcpy_s instead. To disable deprecation, use _CRT_SECURE_NO_WARNINGS. See online help for details.
C:\muzudho\document-a\33_第15回UEC杯コンピュータ囲碁大会\cgfgoban112\cgfgoban\cgf_pipe.cpp(215,8): error C4996: 'strnicmp': The POSIX name for this item is deprecated. Instead, use the ISO C and C++ conformant name: _strnicmp. See online help for details.
C:\muzudho\document-a\33_第15回UEC杯コンピュータ囲碁大会\cgfgoban112\cgfgoban\cgf_pipe.cpp(219,4): error C4996: 'sscanf': This function or variable may be unsafe. Consider using sscanf_s instead. To disable deprecation, use _CRT_SECURE_NO_WARNINGS. See online help for details.
C:\muzudho\document-a\33_第15回UEC杯コンピュータ囲碁大会\cgfgoban112\cgfgoban\cgf_pipe.cpp(221,14): error C4996: 'stricmp': The POSIX name for this item is deprecated. Instead, use the ISO C and C++ conformant name: _stricmp. See online help for details.
C:\muzudho\document-a\33_第15回UEC杯コンピュータ囲碁大会\cgfgoban112\cgfgoban\cgf_pipe.cpp(222,14): error C4996: 'stricmp': The POSIX name for this item is deprecated. Instead, use the ISO C and C++ conformant name: _stricmp. See online help for details.
C:\muzudho\document-a\33_第15回UEC杯コンピュータ囲碁大会\cgfgoban112\cgfgoban\cgf_pipe.cpp(251,8): error C4996: 'strnicmp': The POSIX name for this item is deprecated. Instead, use the ISO C and C++ conformant name: _strnicmp. See online help for details.
C:\muzudho\document-a\33_第15回UEC杯コンピュータ囲碁大会\cgfgoban112\cgfgoban\cgf_pipe.cpp(252,4): error C4996: 'strcpy': This function or variable may be unsafe. Consider using strcpy_s instead. To disable deprecation, use _CRT_SECURE_NO_WARNINGS. See online help for details.
C:\muzudho\document-a\33_第15回UEC杯コンピュータ囲碁大会\cgfgoban112\cgfgoban\cgf_pipe.cpp(257,3): error C4996: 'strcpy': This function or variable may be unsafe. Consider using strcpy_s instead. To disable deprecation, use _CRT_SECURE_NO_WARNINGS. See online help for details.
C:\muzudho\document-a\33_第15回UEC杯コンピュータ囲碁大会\cgfgoban112\cgfgoban\cgf_pipe.cpp(260,2): error C4996: 'sprintf': This function or variable may be unsafe. Consider using sprintf_s instead. To disable deprecation, use _CRT_SECURE_NO_WARNINGS. See online help for details.
C:\muzudho\document-a\33_第15回UEC杯コンピュータ囲碁大会\cgfgoban112\cgfgoban\cgf_pipe.cpp(261,34): error C4996: 'sprintf': This function or variable may be unsafe. Consider using sprintf_s instead. To disable deprecation, use _CRT_SECURE_NO_WARNINGS. See online help for details.
C:\muzudho\document-a\33_第15回UEC杯コンピュータ囲碁大会\cgfgoban112\cgfgoban\cgf_pipe.cpp(268,39): warning C4267: '引数': 'size_t' から 'DWORD' に変換しました。データが失われているかもしれません。
C:\muzudho\document-a\33_第15回UEC杯コンピュータ囲碁大会\cgfgoban112\cgfgoban\cgf_pipe.cpp(358,16): error C4996: 'sprintf': This function or variable may be unsafe. Consider using sprintf_s instead. To disable deprecation, use _CRT_SECURE_NO_WARNINGS. See online help for details.
C:\muzudho\document-a\33_第15回UEC杯コンピュータ囲碁大会\cgfgoban112\cgfgoban\cgf_pipe.cpp(359,21): error C4996: 'sprintf': This function or variable may be unsafe. Consider using sprintf_s instead. To disable deprecation, use _CRT_SECURE_NO_WARNINGS. See online help for details.
C:\muzudho\document-a\33_第15回UEC杯コンピュータ囲碁大会\cgfgoban112\cgfgoban\cgf_pipe.cpp(366,3): error C4996: 'sprintf': This function or variable may be unsafe. Consider using sprintf_s instead. To disable deprecation, use _CRT_SECURE_NO_WARNINGS. See online help for details.
C:\muzudho\document-a\33_第15回UEC杯コンピュータ囲碁大会\cgfgoban112\cgfgoban\cgf_pipe.cpp(380,2): error C2664: 'void SendGTP(char *)': 引数 1 を 'const char [13]' から 'char *' へ変換できません。
C:\muzudho\document-a\33_第15回UEC杯コンピュータ囲碁大会\cgfgoban112\cgfgoban\cgf_pipe.cpp(380,10): message : 文字列リテラルからの変換では const 修飾子が失われます (/Zc:strictStrings を参照)
C:\muzudho\document-a\33_第15回UEC杯コンピュータ囲碁大会\cgfgoban112\cgfgoban\cgf_pipe.cpp(265,6): message : 'SendGTP' の宣言を確認してください
C:\muzudho\document-a\33_第15回UEC杯コンピュータ囲碁大会\cgfgoban112\cgfgoban\cgf_pipe.cpp(380,2): message : 引数リスト '(const char [13])' を一致させようとしているとき
C:\muzudho\document-a\33_第15回UEC杯コンピュータ囲碁大会\cgfgoban112\cgfgoban\cgf_pipe.cpp(385,2): error C2664: 'void SendGTP(char *)': 引数 1 を 'const char [15]' から 'char *' へ変換できません。
C:\muzudho\document-a\33_第15回UEC杯コンピュータ囲碁大会\cgfgoban112\cgfgoban\cgf_pipe.cpp(385,10): message : 文字列リテラルからの変換では const 修飾子が失われます (/Zc:strictStrings を参照)
C:\muzudho\document-a\33_第15回UEC杯コンピュータ囲碁大会\cgfgoban112\cgfgoban\cgf_pipe.cpp(265,6): message : 'SendGTP' の宣言を確認してください
C:\muzudho\document-a\33_第15回UEC杯コンピュータ囲碁大会\cgfgoban112\cgfgoban\cgf_pipe.cpp(385,2): message : 引数リスト '(const char [15])' を一致させようとしているとき
C:\muzudho\document-a\33_第15回UEC杯コンピュータ囲碁大会\cgfgoban112\cgfgoban\cgf_pipe.cpp(389,2): error C2664: 'void SendGTP(char *)': 引数 1 を 'const char [6]' から 'char *' へ変換できません。
C:\muzudho\document-a\33_第15回UEC杯コンピュータ囲碁大会\cgfgoban112\cgfgoban\cgf_pipe.cpp(389,10): message : 文字列リテラルからの変換では const 修飾子が失われます (/Zc:strictStrings を参照)
C:\muzudho\document-a\33_第15回UEC杯コンピュータ囲碁大会\cgfgoban112\cgfgoban\cgf_pipe.cpp(265,6): message : 'SendGTP' の宣言を確認してください
C:\muzudho\document-a\33_第15回UEC杯コンピュータ囲碁大会\cgfgoban112\cgfgoban\cgf_pipe.cpp(389,2): message : 引数リスト '(const char [6])' を一致させようとしているとき
C:\muzudho\document-a\33_第15回UEC杯コンピュータ囲碁大会\cgfgoban112\cgfgoban\cgf_pipe.cpp(394,8): warning C4267: '初期化中': 'size_t' から 'int' に変換しました。データが失われているかもしれません。
C:\muzudho\document-a\33_第15回UEC杯コンピュータ囲碁大会\cgfgoban112\cgfgoban\cgf_pipe.cpp(396,2): error C2664: 'void SendGTP(char *)': 引数 1 を 'const char [9]' から 'char *' へ変換できません。
C:\muzudho\document-a\33_第15回UEC杯コンピュータ囲碁大会\cgfgoban112\cgfgoban\cgf_pipe.cpp(396,10): message : 文字列リテラルからの変換では const 修飾子が失われます (/Zc:strictStrings を参照)
C:\muzudho\document-a\33_第15回UEC杯コンピュータ囲碁大会\cgfgoban112\cgfgoban\cgf_pipe.cpp(265,6): message : 'SendGTP' の宣言を確認してください
C:\muzudho\document-a\33_第15回UEC杯コンピュータ囲碁大会\cgfgoban112\cgfgoban\cgf_pipe.cpp(396,2): message : 引数リスト '(const char [9])' を一致させようとしているとき
C:\muzudho\document-a\33_第15回UEC杯コンピュータ囲碁大会\cgfgoban112\cgfgoban\cgf_pipe.cpp(402,12): warning C4267: '=': 'size_t' から 'int' に変換しました。データが失われているかもしれません。
C:\muzudho\document-a\33_第15回UEC杯コンピュータ囲碁大会\cgfgoban112\cgfgoban\cgf_pipe.cpp(377,2): error C4996: 'sprintf': This function or variable may be unsafe. Consider using sprintf_s instead. To disable deprecation, use _CRT_SECURE_NO_WARNINGS. See online help for details.
C:\muzudho\document-a\33_第15回UEC杯コンピュータ囲碁大会\cgfgoban112\cgfgoban\cgf_pipe.cpp(382,2): error C4996: 'sprintf': This function or variable may be unsafe. Consider using sprintf_s instead. To disable deprecation, use _CRT_SECURE_NO_WARNINGS. See online help for details.
C:\muzudho\document-a\33_第15回UEC杯コンピュータ囲碁大会\cgfgoban112\cgfgoban\cgf_pipe.cpp(393,2): error C4996: 'strcpy': This function or variable may be unsafe. Consider using strcpy_s instead. To disable deprecation, use _CRT_SECURE_NO_WARNINGS. See online help for details.
C:\muzudho\document-a\33_第15回UEC杯コンピュータ囲碁大会\cgfgoban112\cgfgoban\cgf_pipe.cpp(400,2): error C4996: 'strcat': This function or variable may be unsafe. Consider using strcat_s instead. To disable deprecation, use _CRT_SECURE_NO_WARNINGS. See online help for details.
C:\muzudho\document-a\33_第15回UEC杯コンピュータ囲碁大会\cgfgoban112\cgfgoban\cgf_pipe.cpp(401,2): error C4996: 'strcat': This function or variable may be unsafe. Consider using strcat_s instead. To disable deprecation, use _CRT_SECURE_NO_WARNINGS. See online help for details.
C:\muzudho\document-a\33_第15回UEC杯コンピュータ囲碁大会\cgfgoban112\cgfgoban\cgf_pipe.cpp(415,3): error C4996: 'sprintf': This function or variable may be unsafe. Consider using sprintf_s instead. To disable deprecation, use _CRT_SECURE_NO_WARNINGS. See online help for details.
C:\muzudho\document-a\33_第15回UEC杯コンピュータ囲碁大会\cgfgoban112\cgfgoban\cgf_pipe.cpp(418,3): error C4996: 'sprintf': This function or variable may be unsafe. Consider using sprintf_s instead. To disable deprecation, use _CRT_SECURE_NO_WARNINGS. See online help for details.
C:\muzudho\document-a\33_第15回UEC杯コンピュータ囲碁大会\cgfgoban112\cgfgoban\cgf_pipe.cpp(424,34): error C4996: 'strcpy': This function or variable may be unsafe. Consider using strcpy_s instead. To disable deprecation, use _CRT_SECURE_NO_WARNINGS. See online help for details.
C:\muzudho\document-a\33_第15回UEC杯コンピュータ囲碁大会\cgfgoban112\cgfgoban\cgf_pipe.cpp(426,20): error C4996: 'sprintf': This function or variable may be unsafe. Consider using sprintf_s instead. To disable deprecation, use _CRT_SECURE_NO_WARNINGS. See online help for details.
C:\muzudho\document-a\33_第15回UEC杯コンピュータ囲碁大会\cgfgoban112\cgfgoban\cgf_pipe.cpp(427,20): error C4996: 'sprintf': This function or variable may be unsafe. Consider using sprintf_s instead. To disable deprecation, use _CRT_SECURE_NO_WARNINGS. See online help for details.
C:\muzudho\document-a\33_第15回UEC杯コンピュータ囲碁大会\cgfgoban112\cgfgoban\cgf_pipe.cpp(444,20): error C4996: 'sprintf': This function or variable may be unsafe. Consider using sprintf_s instead. To disable deprecation, use _CRT_SECURE_NO_WARNINGS. See online help for details.
C:\muzudho\document-a\33_第15回UEC杯コンピュータ囲碁大会\cgfgoban112\cgfgoban\cgf_pipe.cpp(445,20): error C4996: 'sprintf': This function or variable may be unsafe. Consider using sprintf_s instead. To disable deprecation, use _CRT_SECURE_NO_WARNINGS. See online help for details.
C:\muzudho\document-a\33_第15回UEC杯コンピュータ囲碁大会\cgfgoban112\cgfgoban\cgf_pipe.cpp(483,3): error C4996: 'sprintf': This function or variable may be unsafe. Consider using sprintf_s instead. To disable deprecation, use _CRT_SECURE_NO_WARNINGS. See online help for details.
  cgf_term.cpp
C:\muzudho\document-a\33_第15回UEC杯コンピュータ囲碁大会\cgfgoban112\cgfgoban\cgf_term.cpp(102,13): error C2664: 'HANDLE CreateFileW(LPCWSTR,DWORD,DWORD,LPSECURITY_ATTRIBUTES,DWORD,DWORD,HANDLE)': 引数 1 を 'char [6]' から 'LPCWSTR' へ変換できません。
C:\muzudho\document-a\33_第15回UEC杯コンピュータ囲碁大会\cgfgoban112\cgfgoban\cgf_term.cpp(102,25): message : 指示された型は関連がありません。変換には reinterpret_cast、C スタイル キャストまたはかっこで囲まれた関数スタイル キャストが必要です。
C:\Program Files (x86)\Windows Kits\10\Include\10.0.22621.0\um\fileapi.h(92,1): message : 'CreateFileW' の宣言を確認してください
C:\muzudho\document-a\33_第15回UEC杯コンピュータ囲碁大会\cgfgoban112\cgfgoban\cgf_term.cpp(102,13): message : 引数リスト '(char [6], unsigned long, int, int, int, int, int)' を一致させようとしているとき
C:\muzudho\document-a\33_第15回UEC杯コンピュータ囲碁大会\cgfgoban112\cgfgoban\cgf_term.cpp(100,2): error C4996: 'sprintf': This function or variable may be unsafe. Consider using sprintf_s instead. To disable deprecation, use _CRT_SECURE_NO_WARNINGS. See online help for details.
C:\muzudho\document-a\33_第15回UEC杯コンピュータ囲碁大会\cgfgoban112\cgfgoban\cgf_term.cpp(387,3): error C4996: 'sprintf': This function or variable may be unsafe. Consider using sprintf_s instead. To disable deprecation, use _CRT_SECURE_NO_WARNINGS. See online help for details.
C:\muzudho\document-a\33_第15回UEC杯コンピュータ囲碁大会\cgfgoban112\cgfgoban\cgf_term.cpp(451,7): error C2664: 'INT_PTR DialogBoxParamW(HINSTANCE,LPCWSTR,HWND,DLGPROC,LPARAM)': 引数 2 を 'const char [12]' から 'LPCWSTR' へ変換できません。
C:\muzudho\document-a\33_第15回UEC杯コンピュータ囲碁大会\cgfgoban112\cgfgoban\cgf_term.cpp(451,7): message : 指示された型は関連がありません。変換には reinterpret_cast、C スタイル キャストまたはかっこで囲まれた関数スタイル キャストが必要です。
C:\Program Files (x86)\Windows Kits\10\Include\10.0.22621.0\um\winuser.h(5070,1): message : 'DialogBoxParamW' の宣言を確認してください
C:\muzudho\document-a\33_第15回UEC杯コンピュータ囲碁大会\cgfgoban112\cgfgoban\cgf_term.cpp(451,7): message : 引数リスト '(HINSTANCE, const char [12], HWND, DLGPROC, long)' を一致させようとしているとき
C:\muzudho\document-a\33_第15回UEC杯コンピュータ囲碁大会\cgfgoban112\cgfgoban\cgf_term.cpp(486,7): error C2664: 'INT_PTR DialogBoxParamW(HINSTANCE,LPCWSTR,HWND,DLGPROC,LPARAM)': 引数 2 を 'const char [12]' から 'LPCWSTR' へ変換できません。
C:\muzudho\document-a\33_第15回UEC杯コンピュータ囲碁大会\cgfgoban112\cgfgoban\cgf_term.cpp(486,7): message : 指示された型は関連がありません。変換には reinterpret_cast、C スタイル キャストまたはかっこで囲まれた関数スタイル キャストが必要です。
C:\Program Files (x86)\Windows Kits\10\Include\10.0.22621.0\um\winuser.h(5070,1): message : 'DialogBoxParamW' の宣言を確認してください
C:\muzudho\document-a\33_第15回UEC杯コンピュータ囲碁大会\cgfgoban112\cgfgoban\cgf_term.cpp(486,7): message : 引数リスト '(HINSTANCE, const char [12], HWND, DLGPROC, long)' を一致させようとしているとき
  cgf_win.cpp
C:\muzudho\document-a\33_第15回UEC杯コンピュータ囲碁大会\cgfgoban112\cgfgoban\cgf_win.cpp(313,22): error C2440: '=': 'char [7]' から 'LPCWSTR' に変換できません。
C:\muzudho\document-a\33_第15回UEC杯コンピュータ囲碁大会\cgfgoban112\cgfgoban\cgf_win.cpp(313,22): message : 指示された型は関連がありません。変換には reinterpret_cast、C スタイル キャストまたはかっこで囲まれた関数スタイル キャストが必要です。
C:\muzudho\document-a\33_第15回UEC杯コンピュータ囲碁大会\cgfgoban112\cgfgoban\cgf_win.cpp(317,22): error C2664: 'HICON LoadIconW(HINSTANCE,LPCWSTR)': 引数 2 を 'const char [5]' から 'LPCWSTR' へ変換できません。
C:\muzudho\document-a\33_第15回UEC杯コンピュータ囲碁大会\cgfgoban112\cgfgoban\cgf_win.cpp(317,43): message : 指示された型は関連がありません。変換には reinterpret_cast、C スタイル キャストまたはかっこで囲まれた関数スタイル キャストが必要です。
C:\Program Files (x86)\Windows Kits\10\Include\10.0.22621.0\um\winuser.h(10692,1): message : 'LoadIconW' の宣言を確認してください
C:\muzudho\document-a\33_第15回UEC杯コンピュータ囲碁大会\cgfgoban112\cgfgoban\cgf_win.cpp(317,22): message : 引数リスト '(HINSTANCE, const char [5])' を一致させようとしているとき
C:\muzudho\document-a\33_第15回UEC杯コンピュータ囲碁大会\cgfgoban112\cgfgoban\cgf_win.cpp(318,22): error C2440: '=': 'char [7]' から 'LPCWSTR' に変換できません。
C:\muzudho\document-a\33_第15回UEC杯コンピュータ囲碁大会\cgfgoban112\cgfgoban\cgf_win.cpp(318,22): message : 指示された型は関連がありません。変換には reinterpret_cast、C スタイル キャストまたはかっこで囲まれた関数スタイル キャストが必要です。
C:\muzudho\document-a\33_第15回UEC杯コンピュータ囲碁大会\cgfgoban112\cgfgoban\cgf_win.cpp(339,25): error C2440: '=': 'const char [13]' から 'LPCWSTR' に変換できません。
C:\muzudho\document-a\33_第15回UEC杯コンピュータ囲碁大会\cgfgoban112\cgfgoban\cgf_win.cpp(339,25): message : 指示された型は関連がありません。変換には reinterpret_cast、C スタイル キャストまたはかっこで囲まれた関数スタイル キャストが必要です。
C:\muzudho\document-a\33_第15回UEC杯コンピュータ囲碁大会\cgfgoban112\cgfgoban\cgf_win.cpp(353,13): error C2664: 'HWND CreateWindowExW(DWORD,LPCWSTR,LPCWSTR,DWORD,int,int,int,int,HWND,HMENU,HINSTANCE,LPVOID)': 引数 2 を 'char [7]' から 'LPCWSTR' へ変換できません。
C:\muzudho\document-a\33_第15回UEC杯コンピュータ囲碁大会\cgfgoban112\cgfgoban\cgf_win.cpp(353,13): message : 指示された型は関連がありません。変換には reinterpret_cast、C スタイル キャストまたはかっこで囲まれた関数スタイル キャストが必要です。
C:\Program Files (x86)\Windows Kits\10\Include\10.0.22621.0\um\winuser.h(4437,1): message : 'CreateWindowExW' の宣言を確認してください
C:\muzudho\document-a\33_第15回UEC杯コンピュータ囲碁大会\cgfgoban112\cgfgoban\cgf_win.cpp(353,13): message : 引数リスト '(long, char [7], char [9], long, int, int, int, int, int, int, HINSTANCE, int)' を一致させようとしているとき
C:\muzudho\document-a\33_第15回UEC杯コンピュータ囲碁大会\cgfgoban112\cgfgoban\cgf_win.cpp(371,11): error C2664: 'HACCEL LoadAcceleratorsW(HINSTANCE,LPCWSTR)': 引数 2 を 'const char [10]' から 'LPCWSTR' へ変換できません。
C:\muzudho\document-a\33_第15回UEC杯コンピュータ囲碁大会\cgfgoban112\cgfgoban\cgf_win.cpp(371,39): message : 指示された型は関連がありません。変換には reinterpret_cast、C スタイル キャストまたはかっこで囲まれた関数スタイル キャストが必要です。
C:\Program Files (x86)\Windows Kits\10\Include\10.0.22621.0\um\winuser.h(7139,1): message : 'LoadAcceleratorsW' の宣言を確認してください
C:\muzudho\document-a\33_第15回UEC杯コンピュータ囲碁大会\cgfgoban112\cgfgoban\cgf_win.cpp(371,11): message : 引数リスト '(HINSTANCE, const char [10])' を一致させようとしているとき
C:\muzudho\document-a\33_第15回UEC杯コンピュータ囲碁大会\cgfgoban112\cgfgoban\cgf_win.cpp(379,12): warning C4244: 'return': 'WPARAM' から 'int' への変換です。データが失われる可能性があります。
C:\muzudho\document-a\33_第15回UEC杯コンピュータ囲碁大会\cgfgoban112\cgfgoban\cgf_win.cpp(350,8): error C4996: 'strcpy': This function or variable may be unsafe. Consider using strcpy_s instead. To disable deprecation, use _CRT_SECURE_NO_WARNINGS. See online help for details.
C:\muzudho\document-a\33_第15回UEC杯コンピュータ囲碁大会\cgfgoban112\cgfgoban\cgf_win.cpp(408,15): error C2664: 'HWND CreateWindowExW(DWORD,LPCWSTR,LPCWSTR,DWORD,int,int,int,int,HWND,HMENU,HINSTANCE,LPVOID)': 引数 2 を 'const char [13]' から 'LPCWSTR' へ変換できません。
C:\muzudho\document-a\33_第15回UEC杯コンピュータ囲碁大会\cgfgoban112\cgfgoban\cgf_win.cpp(409,5): message : 指示された型は関連がありません。変換には reinterpret_cast、C スタイル キャストまたはかっこで囲まれた関数スタイル キャストが必要です。
C:\Program Files (x86)\Windows Kits\10\Include\10.0.22621.0\um\winuser.h(4437,1): message : 'CreateWindowExW' の宣言を確認してください
C:\muzudho\document-a\33_第15回UEC杯コンピュータ囲碁大会\cgfgoban112\cgfgoban\cgf_win.cpp(408,15): message : 引数リスト '(long, const char [13], int, long, int, int, int, int, HWND, int, HINSTANCE, int)' を一致させようとしているとき
C:\muzudho\document-a\33_第15回UEC杯コンピュータ囲碁大会\cgfgoban112\cgfgoban\cgf_win.cpp(429,36): warning C4244: '=': 'SIZE_T' から 'int' への変換です。データが失われる可能性があります。
C:\muzudho\document-a\33_第15回UEC杯コンピュータ囲碁大会\cgfgoban112\cgfgoban\cgf_win.cpp(446,4): error C2664: 'DWORD GetCurrentDirectoryW(DWORD,LPWSTR)': 引数 2 を 'char [260]' から 'LPWSTR' へ変換できません。
C:\muzudho\document-a\33_第15回UEC杯コンピュータ囲碁大会\cgfgoban112\cgfgoban\cgf_win.cpp(446,34): message : 指示された型は関連がありません。変換には reinterpret_cast、C スタイル キャストまたはかっこで囲まれた関数スタイル キャストが必要です。
C:\Program Files (x86)\Windows Kits\10\Include\10.0.22621.0\um\processenv.h(241,1): message : 'GetCurrentDirectoryW' の宣言を確認してください
C:\muzudho\document-a\33_第15回UEC杯コンピュータ囲碁大会\cgfgoban112\cgfgoban\cgf_win.cpp(446,4): message : 引数リスト '(int, char [260])' を一致させようとしているとき
C:\muzudho\document-a\33_第15回UEC杯コンピュータ囲碁大会\cgfgoban112\cgfgoban\cgf_win.cpp(461,5): error C2664: 'int MessageBoxW(HWND,LPCWSTR,LPCWSTR,UINT)': 引数 2 を 'char [256]' から 'LPCWSTR' へ変換できません。
C:\muzudho\document-a\33_第15回UEC杯コンピュータ囲碁大会\cgfgoban112\cgfgoban\cgf_win.cpp(461,21): message : 指示された型は関連がありません。変換には reinterpret_cast、C スタイル キャストまたはかっこで囲まれた関数スタイル キャストが必要です。
C:\Program Files (x86)\Windows Kits\10\Include\10.0.22621.0\um\winuser.h(9180,1): message : 'MessageBoxW' の宣言を確認してください
C:\muzudho\document-a\33_第15回UEC杯コンピュータ囲碁大会\cgfgoban112\cgfgoban\cgf_win.cpp(461,5): message : 引数リスト '(int, char [256], const char [21], long)' を一致させようとしているとき
C:\muzudho\document-a\33_第15回UEC杯コンピュータ囲碁大会\cgfgoban112\cgfgoban\cgf_win.cpp(574,13): error C2664: 'INT_PTR DialogBoxParamW(HINSTANCE,LPCWSTR,HWND,DLGPROC,LPARAM)': 引数 2 を 'const char [10]' から 'LPCWSTR' へ変換できません。
C:\muzudho\document-a\33_第15回UEC杯コンピュータ囲碁大会\cgfgoban112\cgfgoban\cgf_win.cpp(574,40): message : 指示された型は関連がありません。変換には reinterpret_cast、C スタイル キャストまたはかっこで囲まれた関数スタイル キャストが必要です。
C:\Program Files (x86)\Windows Kits\10\Include\10.0.22621.0\um\winuser.h(5070,1): message : 'DialogBoxParamW' の宣言を確認してください
C:\muzudho\document-a\33_第15回UEC杯コンピュータ囲碁大会\cgfgoban112\cgfgoban\cgf_win.cpp(574,13): message : 引数リスト '(HINSTANCE, const char [10], HWND, DLGPROC, int)' を一致させようとしているとき
C:\muzudho\document-a\33_第15回UEC杯コンピュータ囲碁大会\cgfgoban112\cgfgoban\cgf_win.cpp(587,13): error C2664: 'INT_PTR DialogBoxParamW(HINSTANCE,LPCWSTR,HWND,DLGPROC,LPARAM)': 引数 2 を 'const char [10]' から 'LPCWSTR' へ変換できません。
C:\muzudho\document-a\33_第15回UEC杯コンピュータ囲碁大会\cgfgoban112\cgfgoban\cgf_win.cpp(587,40): message : 指示された型は関連がありません。変換には reinterpret_cast、C スタイル キャストまたはかっこで囲まれた関数スタイル キャストが必要です。
C:\Program Files (x86)\Windows Kits\10\Include\10.0.22621.0\um\winuser.h(5070,1): message : 'DialogBoxParamW' の宣言を確認してください
C:\muzudho\document-a\33_第15回UEC杯コンピュータ囲碁大会\cgfgoban112\cgfgoban\cgf_win.cpp(587,13): message : 引数リスト '(HINSTANCE, const char [10], HWND, DLGPROC, int)' を一致させようとしているとき
C:\muzudho\document-a\33_第15回UEC杯コンピュータ囲碁大会\cgfgoban112\cgfgoban\cgf_win.cpp(598,19): error C2664: 'INT_PTR DialogBoxParamW(HINSTANCE,LPCWSTR,HWND,DLGPROC,LPARAM)': 引数 2 を 'const char [12]' から 'LPCWSTR' へ変換できません。
C:\muzudho\document-a\33_第15回UEC杯コンピュータ囲碁大会\cgfgoban112\cgfgoban\cgf_win.cpp(598,19): message : 指示された型は関連がありません。変換には reinterpret_cast、C スタイル キャストまたはかっこで囲まれた関数スタイル キャストが必要です。
C:\Program Files (x86)\Windows Kits\10\Include\10.0.22621.0\um\winuser.h(5070,1): message : 'DialogBoxParamW' の宣言を確認してください
C:\muzudho\document-a\33_第15回UEC杯コンピュータ囲碁大会\cgfgoban112\cgfgoban\cgf_win.cpp(598,19): message : 引数リスト '(HINSTANCE, const char [12], HWND, DLGPROC, long)' を一致させようとしているとき
C:\muzudho\document-a\33_第15回UEC杯コンピュータ囲碁大会\cgfgoban112\cgfgoban\cgf_win.cpp(637,15): error C2664: 'int MessageBoxW(HWND,LPCWSTR,LPCWSTR,UINT)': 引数 2 を 'char [18]' から 'LPCWSTR' へ変換できません。
C:\muzudho\document-a\33_第15回UEC杯コンピュータ囲碁大会\cgfgoban112\cgfgoban\cgf_win.cpp(637,31): message : 指示された型は関連がありません。変換には reinterpret_cast、C スタイル キャストまたはかっこで囲まれた関数スタイル キャストが必要です。
C:\Program Files (x86)\Windows Kits\10\Include\10.0.22621.0\um\winuser.h(9180,1): message : 'MessageBoxW' の宣言を確認してください
C:\muzudho\document-a\33_第15回UEC杯コンピュータ囲碁大会\cgfgoban112\cgfgoban\cgf_win.cpp(637,15): message : 引数リスト '(HWND, char [18], const char [11], long)' を一致させようとしているとき
C:\muzudho\document-a\33_第15回UEC杯コンピュータ囲碁大会\cgfgoban112\cgfgoban\cgf_win.cpp(640,7): error C2664: 'INT_PTR DialogBoxParamW(HINSTANCE,LPCWSTR,HWND,DLGPROC,LPARAM)': 引数 2 を 'const char [13]' から 'LPCWSTR' へ変換できません。
C:\muzudho\document-a\33_第15回UEC杯コンピュータ囲碁大会\cgfgoban112\cgfgoban\cgf_win.cpp(640,34): message : 指示された型は関連がありません。変換には reinterpret_cast、C スタイル キャストまたはかっこで囲まれた関数スタイル キャストが必要です。
C:\Program Files (x86)\Windows Kits\10\Include\10.0.22621.0\um\winuser.h(5070,1): message : 'DialogBoxParamW' の宣言を確認してください
C:\muzudho\document-a\33_第15回UEC杯コンピュータ囲碁大会\cgfgoban112\cgfgoban\cgf_win.cpp(640,7): message : 引数リスト '(HINSTANCE, const char [13], HWND, DLGPROC, int)' を一致させようとしているとき
C:\muzudho\document-a\33_第15回UEC杯コンピュータ囲碁大会\cgfgoban112\cgfgoban\cgf_win.cpp(646,6): error C2664: 'INT_PTR DialogBoxParamW(HINSTANCE,LPCWSTR,HWND,DLGPROC,LPARAM)': 引数 2 を 'const char [12]' から 'LPCWSTR' へ変換できません。
C:\muzudho\document-a\33_第15回UEC杯コンピュータ囲碁大会\cgfgoban112\cgfgoban\cgf_win.cpp(646,6): message : 指示された型は関連がありません。変換には reinterpret_cast、C スタイル キャストまたはかっこで囲まれた関数スタイル キャストが必要です。
C:\Program Files (x86)\Windows Kits\10\Include\10.0.22621.0\um\winuser.h(5070,1): message : 'DialogBoxParamW' の宣言を確認してください
C:\muzudho\document-a\33_第15回UEC杯コンピュータ囲碁大会\cgfgoban112\cgfgoban\cgf_win.cpp(646,6): message : 引数リスト '(HINSTANCE, const char [12], HWND, DLGPROC, long)' を一致させようとしているとき
C:\muzudho\document-a\33_第15回UEC杯コンピュータ囲碁大会\cgfgoban112\cgfgoban\cgf_win.cpp(812,6): error C2664: 'INT_PTR DialogBoxParamW(HINSTANCE,LPCWSTR,HWND,DLGPROC,LPARAM)': 引数 2 を 'const char [13]' から 'LPCWSTR' へ変換できません。
C:\muzudho\document-a\33_第15回UEC杯コンピュータ囲碁大会\cgfgoban112\cgfgoban\cgf_win.cpp(812,6): message : 指示された型は関連がありません。変換には reinterpret_cast、C スタイル キャストまたはかっこで囲まれた関数スタイル キャストが必要です。
C:\Program Files (x86)\Windows Kits\10\Include\10.0.22621.0\um\winuser.h(5070,1): message : 'DialogBoxParamW' の宣言を確認してください
C:\muzudho\document-a\33_第15回UEC杯コンピュータ囲碁大会\cgfgoban112\cgfgoban\cgf_win.cpp(812,6): message : 引数リスト '(HINSTANCE, const char [13], HWND, DLGPROC, long)' を一致させようとしているとき
C:\muzudho\document-a\33_第15回UEC杯コンピュータ囲碁大会\cgfgoban112\cgfgoban\cgf_win.cpp(818,11): warning C4244: '初期化中': 'WPARAM' から 'int' への変換です。データが失われる可能性があります。
C:\muzudho\document-a\33_第15回UEC杯コンピュータ囲碁大会\cgfgoban112\cgfgoban\cgf_win.cpp(442,4): error C4996: 'sprintf': This function or variable may be unsafe. Consider using sprintf_s instead. To disable deprecation, use _CRT_SECURE_NO_WARNINGS. See online help for details.
C:\muzudho\document-a\33_第15回UEC杯コンピュータ囲碁大会\cgfgoban112\cgfgoban\cgf_win.cpp(443,4): error C4996: 'sprintf': This function or variable may be unsafe. Consider using sprintf_s instead. To disable deprecation, use _CRT_SECURE_NO_WARNINGS. See online help for details.
C:\muzudho\document-a\33_第15回UEC杯コンピュータ囲碁大会\cgfgoban112\cgfgoban\cgf_win.cpp(459,21): error C4996: 'sprintf': This function or variable may be unsafe. Consider using sprintf_s instead. To disable deprecation, use _CRT_SECURE_NO_WARNINGS. See online help for details.
C:\muzudho\document-a\33_第15回UEC杯コンピュータ囲碁大会\cgfgoban112\cgfgoban\cgf_win.cpp(460,21): error C4996: 'sprintf': This function or variable may be unsafe. Consider using sprintf_s instead. To disable deprecation, use _CRT_SECURE_NO_WARNINGS. See online help for details.
C:\muzudho\document-a\33_第15回UEC杯コンピュータ囲碁大会\cgfgoban112\cgfgoban\cgf_win.cpp(819,5): error C4996: 'strcpy': This function or variable may be unsafe. Consider using strcpy_s instead. To disable deprecation, use _CRT_SECURE_NO_WARNINGS. See online help for details.
C:\muzudho\document-a\33_第15回UEC杯コンピュータ囲碁大会\cgfgoban112\cgfgoban\cgf_win.cpp(885,8): error C2664: 'INT_PTR DialogBoxParamW(HINSTANCE,LPCWSTR,HWND,DLGPROC,LPARAM)': 引数 2 を 'const char [10]' から 'LPCWSTR' へ変換できません。
C:\muzudho\document-a\33_第15回UEC杯コンピュータ囲碁大会\cgfgoban112\cgfgoban\cgf_win.cpp(885,35): message : 指示された型は関連がありません。変換には reinterpret_cast、C スタイル キャストまたはかっこで囲まれた関数スタイル キャストが必要です。
C:\Program Files (x86)\Windows Kits\10\Include\10.0.22621.0\um\winuser.h(5070,1): message : 'DialogBoxParamW' の宣言を確認してください
C:\muzudho\document-a\33_第15回UEC杯コンピュータ囲碁大会\cgfgoban112\cgfgoban\cgf_win.cpp(885,8): message : 引数リスト '(HINSTANCE, const char [10], HWND, DLGPROC, int)' を一致させようとしているとき
C:\muzudho\document-a\33_第15回UEC杯コンピュータ囲碁大会\cgfgoban112\cgfgoban\cgf_win.cpp(893,8): error C2664: 'INT_PTR DialogBoxParamW(HINSTANCE,LPCWSTR,HWND,DLGPROC,LPARAM)': 引数 2 を 'const char [10]' から 'LPCWSTR' へ変換できません。
C:\muzudho\document-a\33_第15回UEC杯コンピュータ囲碁大会\cgfgoban112\cgfgoban\cgf_win.cpp(893,35): message : 指示された型は関連がありません。変換には reinterpret_cast、C スタイル キャストまたはかっこで囲まれた関数スタイル キャストが必要です。
C:\Program Files (x86)\Windows Kits\10\Include\10.0.22621.0\um\winuser.h(5070,1): message : 'DialogBoxParamW' の宣言を確認してください
C:\muzudho\document-a\33_第15回UEC杯コンピュータ囲碁大会\cgfgoban112\cgfgoban\cgf_win.cpp(893,8): message : 引数リスト '(HINSTANCE, const char [10], HWND, DLGPROC, int)' を一致させようとしているとき
C:\muzudho\document-a\33_第15回UEC杯コンピュータ囲碁大会\cgfgoban112\cgfgoban\cgf_win.cpp(915,8): error C2664: 'INT_PTR DialogBoxParamW(HINSTANCE,LPCWSTR,HWND,DLGPROC,LPARAM)': 引数 2 を 'const char [12]' から 'LPCWSTR' へ変換できません。
C:\muzudho\document-a\33_第15回UEC杯コンピュータ囲碁大会\cgfgoban112\cgfgoban\cgf_win.cpp(915,8): message : 指示された型は関連がありません。変換には reinterpret_cast、C スタイル キャストまたはかっこで囲まれた関数スタイル キャストが必要です。
C:\Program Files (x86)\Windows Kits\10\Include\10.0.22621.0\um\winuser.h(5070,1): message : 'DialogBoxParamW' の宣言を確認してください
C:\muzudho\document-a\33_第15回UEC杯コンピュータ囲碁大会\cgfgoban112\cgfgoban\cgf_win.cpp(915,8): message : 引数リスト '(HINSTANCE, const char [12], HWND, DLGPROC, long)' を一致させようとしているとき
C:\muzudho\document-a\33_第15回UEC杯コンピュータ囲碁大会\cgfgoban112\cgfgoban\cgf_win.cpp(985,4): error C2664: 'int MessageBoxW(HWND,LPCWSTR,LPCWSTR,UINT)': 引数 2 を 'const char [14]' から 'LPCWSTR' へ変換できません。
C:\muzudho\document-a\33_第15回UEC杯コンピュータ囲碁大会\cgfgoban112\cgfgoban\cgf_win.cpp(985,20): message : 指示された型は関連がありません。変換には reinterpret_cast、C スタイル キャストまたはかっこで囲まれた関数スタイル キャストが必要です。
C:\Program Files (x86)\Windows Kits\10\Include\10.0.22621.0\um\winuser.h(9180,1): message : 'MessageBoxW' の宣言を確認してください
C:\muzudho\document-a\33_第15回UEC杯コンピュータ囲碁大会\cgfgoban112\cgfgoban\cgf_win.cpp(985,4): message : 引数リスト '(HWND, const char [14], const char [5], long)' を一致させようとしているとき
C:\muzudho\document-a\33_第15回UEC杯コンピュータ囲碁大会\cgfgoban112\cgfgoban\cgf_win.cpp(987,20): error C2664: 'BOOL sndPlaySoundW(LPCWSTR,UINT)': 引数 1 を 'const char [10]' から 'LPCWSTR' へ変換できません。
C:\muzudho\document-a\33_第15回UEC杯コンピュータ囲碁大会\cgfgoban112\cgfgoban\cgf_win.cpp(987,33): message : 指示された型は関連がありません。変換には reinterpret_cast、C スタイル キャストまたはかっこで囲まれた関数スタイル キャストが必要です。
C:\Program Files (x86)\Windows Kits\10\Include\10.0.22621.0\um\playsoundapi.h(48,1): message : 'sndPlaySoundW' の宣言を確認してください
C:\muzudho\document-a\33_第15回UEC杯コンピュータ囲碁大会\cgfgoban112\cgfgoban\cgf_win.cpp(987,20): message : 引数リスト '(const char [10], int)' を一致させようとしているとき
C:\muzudho\document-a\33_第15回UEC杯コンピュータ囲碁大会\cgfgoban112\cgfgoban\cgf_win.cpp(1125,22): error C2440: '=': 'const char [11]' から 'LPCWSTR' に変換できません。
C:\muzudho\document-a\33_第15回UEC杯コンピュータ囲碁大会\cgfgoban112\cgfgoban\cgf_win.cpp(1125,22): message : 指示された型は関連がありません。変換には reinterpret_cast、C スタイル キャストまたはかっこで囲まれた関数スタイル キャストが必要です。
C:\muzudho\document-a\33_第15回UEC杯コンピュータ囲碁大会\cgfgoban112\cgfgoban\cgf_win.cpp(1129,22): error C2664: 'HICON LoadIconW(HINSTANCE,LPCWSTR)': 引数 2 を 'const char [5]' から 'LPCWSTR' へ変換できません。
C:\muzudho\document-a\33_第15回UEC杯コンピュータ囲碁大会\cgfgoban112\cgfgoban\cgf_win.cpp(1129,44): message : 指示された型は関連がありません。変換には reinterpret_cast、C スタイル キャストまたはかっこで囲まれた関数スタイル キャストが必要です。
C:\Program Files (x86)\Windows Kits\10\Include\10.0.22621.0\um\winuser.h(10692,1): message : 'LoadIconW' の宣言を確認してください
C:\muzudho\document-a\33_第15回UEC杯コンピュータ囲碁大会\cgfgoban112\cgfgoban\cgf_win.cpp(1129,22): message : 引数リスト '(HINSTANCE, const char [5])' を一致させようとしているとき
C:\muzudho\document-a\33_第15回UEC杯コンピュータ囲碁大会\cgfgoban112\cgfgoban\cgf_win.cpp(1136,30): error C2664: 'int MessageBoxW(HWND,LPCWSTR,LPCWSTR,UINT)': 引数 2 を 'const char [27]' から 'LPCWSTR' へ変換できません。
C:\muzudho\document-a\33_第15回UEC杯コンピュータ囲碁大会\cgfgoban112\cgfgoban\cgf_win.cpp(1136,50): message : 指示された型は関連がありません。変換には reinterpret_cast、C スタイル キャストまたはかっこで囲まれた関数スタイル キャストが必要です。
C:\Program Files (x86)\Windows Kits\10\Include\10.0.22621.0\um\winuser.h(9180,1): message : 'MessageBoxW' の宣言を確認してください
C:\muzudho\document-a\33_第15回UEC杯コンピュータ囲碁大会\cgfgoban112\cgfgoban\cgf_win.cpp(1136,30): message : 引数リスト '(HWND, const char [27], const char [7], long)' を一致させようとしているとき
C:\muzudho\document-a\33_第15回UEC杯コンピュータ囲碁大会\cgfgoban112\cgfgoban\cgf_win.cpp(1142,11): error C2664: 'HWND CreateWindowExW(DWORD,LPCWSTR,LPCWSTR,DWORD,int,int,int,int,HWND,HMENU,HINSTANCE,LPVOID)': 引数 2 を 'const char [11]' から 'LPCWSTR' へ変換できません。
C:\muzudho\document-a\33_第15回UEC杯コンピュータ囲碁大会\cgfgoban112\cgfgoban\cgf_win.cpp(1142,11): message : 指示された型は関連がありません。変換には reinterpret_cast、C スタイル キャストまたはかっこで囲まれた関数スタイル キャストが必要です。
C:\Program Files (x86)\Windows Kits\10\Include\10.0.22621.0\um\winuser.h(4437,1): message : 'CreateWindowExW' の宣言を確認してください
C:\muzudho\document-a\33_第15回UEC杯コンピュータ囲碁大会\cgfgoban112\cgfgoban\cgf_win.cpp(1142,11): message : 引数リスト '(long, const char [11], char [19], long, int, int, int, int, HWND, int, HINSTANCE, int)' を一致させようとしているとき
C:\muzudho\document-a\33_第15回UEC杯コンピュータ囲碁大会\cgfgoban112\cgfgoban\cgf_win.cpp(1197,5): error C2664: 'BOOL TextOutW(HDC,int,int,LPCWSTR,int)': 引数 4 を 'char [256]' から 'LPCWSTR' へ変換できません。
C:\muzudho\document-a\33_第15回UEC杯コンピュータ囲碁大会\cgfgoban112\cgfgoban\cgf_win.cpp(1197,51): message : 指示された型は関連がありません。変換には reinterpret_cast、C スタイル キャストまたはかっこで囲まれた関数スタイル キャストが必要です。
C:\Program Files (x86)\Windows Kits\10\Include\10.0.22621.0\um\wingdi.h(5147,25): message : 'TextOutW' の宣言を確認してください
C:\muzudho\document-a\33_第15回UEC杯コンピュータ囲碁大会\cgfgoban112\cgfgoban\cgf_win.cpp(1197,5): message : 引数リスト '(HDC, int, int, char [256], size_t)' を一致させようとしているとき
C:\muzudho\document-a\33_第15回UEC杯コンピュータ囲碁大会\cgfgoban112\cgfgoban\cgf_win.cpp(1260,13): error C2664: 'HMENU LoadMenuW(HINSTANCE,LPCWSTR)': 引数 2 を 'const char [10]' から 'LPCWSTR' へ変換できません。
C:\muzudho\document-a\33_第15回UEC杯コンピュータ囲碁大会\cgfgoban112\cgfgoban\cgf_win.cpp(1260,34): message : 指示された型は関連がありません。変換には reinterpret_cast、C スタイル キャストまたはかっこで囲まれた関数スタイル キャストが必要です。
C:\Program Files (x86)\Windows Kits\10\Include\10.0.22621.0\um\winuser.h(7420,1): message : 'LoadMenuW' の宣言を確認してください
C:\muzudho\document-a\33_第15回UEC杯コンピュータ囲碁大会\cgfgoban112\cgfgoban\cgf_win.cpp(1260,13): message : 引数リスト '(HINSTANCE, const char [10])' を一致させようとしているとき
C:\muzudho\document-a\33_第15回UEC杯コンピュータ囲碁大会\cgfgoban112\cgfgoban\cgf_win.cpp(1291,2): error C4996: 'sprintf': This function or variable may be unsafe. Consider using sprintf_s instead. To disable deprecation, use _CRT_SECURE_NO_WARNINGS. See online help for details.
C:\muzudho\document-a\33_第15回UEC杯コンピュータ囲碁大会\cgfgoban112\cgfgoban\cgf_win.cpp(1302,4): error C2664: 'BOOL SetDlgItemTextW(HWND,int,LPCWSTR)': 引数 3 を 'char *' から 'LPCWSTR' へ変換できません。
C:\muzudho\document-a\33_第15回UEC杯コンピュータ囲碁大会\cgfgoban112\cgfgoban\cgf_win.cpp(1302,58): message : 指示された型は関連がありません。変換には reinterpret_cast、C スタイル キャストまたはかっこで囲まれた関数スタイル キャストが必要です。
C:\Program Files (x86)\Windows Kits\10\Include\10.0.22621.0\um\winuser.h(5168,1): message : 'SetDlgItemTextW' の宣言を確認してください
C:\muzudho\document-a\33_第15回UEC杯コンピュータ囲碁大会\cgfgoban112\cgfgoban\cgf_win.cpp(1302,4): message : 引数リスト '(HWND, int, char *)' を一致させようとしているとき
C:\muzudho\document-a\33_第15回UEC杯コンピュータ囲碁大会\cgfgoban112\cgfgoban\cgf_win.cpp(1303,4): error C2664: 'BOOL SetDlgItemTextW(HWND,int,LPCWSTR)': 引数 3 を 'const char [37]' から 'LPCWSTR' へ変換できません。
C:\muzudho\document-a\33_第15回UEC杯コンピュータ囲碁大会\cgfgoban112\cgfgoban\cgf_win.cpp(1303,39): message : 指示された型は関連がありません。変換には reinterpret_cast、C スタイル キャストまたはかっこで囲まれた関数スタイル キャストが必要です。
C:\Program Files (x86)\Windows Kits\10\Include\10.0.22621.0\um\winuser.h(5168,1): message : 'SetDlgItemTextW' の宣言を確認してください
C:\muzudho\document-a\33_第15回UEC杯コンピュータ囲碁大会\cgfgoban112\cgfgoban\cgf_win.cpp(1303,4): message : 引数リスト '(HWND, int, const char [37])' を一致させようとしているとき
C:\muzudho\document-a\33_第15回UEC杯コンピュータ囲碁大会\cgfgoban112\cgfgoban\cgf_win.cpp(1307,34): error C2664: 'HINSTANCE ShellExecuteW(HWND,LPCWSTR,LPCWSTR,LPCWSTR,LPCWSTR,INT)': 引数 3 を 'const char [37]' から 'LPCWSTR' へ変換できません。
C:\muzudho\document-a\33_第15回UEC杯コンピュータ囲碁大会\cgfgoban112\cgfgoban\cgf_win.cpp(1307,59): message : 指示された型は関連がありません。変換には reinterpret_cast、C スタイル キャストまたはかっこで囲まれた関数スタイル キャストが必要です。
C:\Program Files (x86)\Windows Kits\10\Include\10.0.22621.0\um\shellapi.h(96,22): message : 'ShellExecuteW' の宣言を確認してください
C:\muzudho\document-a\33_第15回UEC杯コンピュータ囲碁大会\cgfgoban112\cgfgoban\cgf_win.cpp(1307,34): message : 引数リスト '(HWND, int, const char [37], int, int, int)' を一致させようとしているとき
C:\muzudho\document-a\33_第15回UEC杯コンピュータ囲碁大会\cgfgoban112\cgfgoban\cgf_win.cpp(1323,5): error C2664: 'void UpdateStrList(char *,int *,const int,char [][256])': 引数 1 を 'const char [29]' から 'char *' へ変換できません。
C:\muzudho\document-a\33_第15回UEC杯コンピュータ囲碁大会\cgfgoban112\cgfgoban\cgf_win.cpp(1323,19): message : 文字列リテラルからの変換では const 修飾子が失われます (/Zc:strictStrings を参照)
C:\muzudho\document-a\33_第15回UEC杯コンピュータ囲碁大会\cgfgoban112\cgfgoban\cgf_win.cpp(118,6): message : 'UpdateStrList' の宣言を確認してください
C:\muzudho\document-a\33_第15回UEC杯コンピュータ囲碁大会\cgfgoban112\cgfgoban\cgf_win.cpp(1323,5): message : 引数リスト '(const char [29], int *, int, char [30][256])' を一致させようとしているとき
C:\muzudho\document-a\33_第15回UEC杯コンピュータ囲碁大会\cgfgoban112\cgfgoban\cgf_win.cpp(1324,5): error C2664: 'void UpdateStrList(char *,int *,const int,char [][256])': 引数 1 を 'const char [35]' から 'char *' へ変換できません。
C:\muzudho\document-a\33_第15回UEC杯コンピュータ囲碁大会\cgfgoban112\cgfgoban\cgf_win.cpp(1324,19): message : 文字列リテラルからの変換では const 修飾子が失われます (/Zc:strictStrings を参照)
C:\muzudho\document-a\33_第15回UEC杯コンピュータ囲碁大会\cgfgoban112\cgfgoban\cgf_win.cpp(118,6): message : 'UpdateStrList' の宣言を確認してください
C:\muzudho\document-a\33_第15回UEC杯コンピュータ囲碁大会\cgfgoban112\cgfgoban\cgf_win.cpp(1324,5): message : 引数リスト '(const char [35], int *, int, char [30][256])' を一致させようとしているとき
C:\muzudho\document-a\33_第15回UEC杯コンピュータ囲碁大会\cgfgoban112\cgfgoban\cgf_win.cpp(1325,5): error C2664: 'void UpdateStrList(char *,int *,const int,char [][256])': 引数 1 を 'const char [51]' から 'char *' へ変換できません。
C:\muzudho\document-a\33_第15回UEC杯コンピュータ囲碁大会\cgfgoban112\cgfgoban\cgf_win.cpp(1325,19): message : 文字列リテラルからの変換では const 修飾子が失われます (/Zc:strictStrings を参照)
C:\muzudho\document-a\33_第15回UEC杯コンピュータ囲碁大会\cgfgoban112\cgfgoban\cgf_win.cpp(118,6): message : 'UpdateStrList' の宣言を確認してください
C:\muzudho\document-a\33_第15回UEC杯コンピュータ囲碁大会\cgfgoban112\cgfgoban\cgf_win.cpp(1325,5): message : 引数リスト '(const char [51], int *, int, char [30][256])' を一致させようとしているとき
C:\muzudho\document-a\33_第15回UEC杯コンピュータ囲碁大会\cgfgoban112\cgfgoban\cgf_win.cpp(1328,5): error C2664: 'void UpdateStrList(char *,int *,const int,char [][256])': 引数 1 を 'const char [48]' から 'char *' へ変換できません。
C:\muzudho\document-a\33_第15回UEC杯コンピュータ囲碁大会\cgfgoban112\cgfgoban\cgf_win.cpp(1328,19): message : 文字列リテラルからの変換では const 修飾子が失われます (/Zc:strictStrings を参照)
C:\muzudho\document-a\33_第15回UEC杯コンピュータ囲碁大会\cgfgoban112\cgfgoban\cgf_win.cpp(118,6): message : 'UpdateStrList' の宣言を確認してください
C:\muzudho\document-a\33_第15回UEC杯コンピュータ囲碁大会\cgfgoban112\cgfgoban\cgf_win.cpp(1328,5): message : 引数リスト '(const char [48], int *, int, char [30][256])' を一致させようとしているとき
C:\muzudho\document-a\33_第15回UEC杯コンピュータ囲碁大会\cgfgoban112\cgfgoban\cgf_win.cpp(1329,5): error C2664: 'void UpdateStrList(char *,int *,const int,char [][256])': 引数 1 を 'const char [33]' から 'char *' へ変換できません。
C:\muzudho\document-a\33_第15回UEC杯コンピュータ囲碁大会\cgfgoban112\cgfgoban\cgf_win.cpp(1329,19): message : 文字列リテラルからの変換では const 修飾子が失われます (/Zc:strictStrings を参照)
C:\muzudho\document-a\33_第15回UEC杯コンピュータ囲碁大会\cgfgoban112\cgfgoban\cgf_win.cpp(118,6): message : 'UpdateStrList' の宣言を確認してください
C:\muzudho\document-a\33_第15回UEC杯コンピュータ囲碁大会\cgfgoban112\cgfgoban\cgf_win.cpp(1329,5): message : 引数リスト '(const char [33], int *, int, char [30][256])' を一致させようとしているとき
C:\muzudho\document-a\33_第15回UEC杯コンピュータ囲碁大会\cgfgoban112\cgfgoban\cgf_win.cpp(1346,5): error C2664: 'UINT GetDlgItemTextW(HWND,int,LPWSTR,int)': 引数 3 を 'char [256]' から 'LPWSTR' へ変換できません。
C:\muzudho\document-a\33_第15回UEC杯コンピュータ囲碁大会\cgfgoban112\cgfgoban\cgf_win.cpp(1346,40): message : 指示された型は関連がありません。変換には reinterpret_cast、C スタイル キャストまたはかっこで囲まれた関数スタイル キャストが必要です。
C:\Program Files (x86)\Windows Kits\10\Include\10.0.22621.0\um\winuser.h(5191,1): message : 'GetDlgItemTextW' の宣言を確認してください
C:\muzudho\document-a\33_第15回UEC杯コンピュータ囲碁大会\cgfgoban112\cgfgoban\cgf_win.cpp(1346,5): message : 引数リスト '(HWND, int, char [256], int)' を一致させようとしているとき
C:\muzudho\document-a\33_第15回UEC杯コンピュータ囲碁大会\cgfgoban112\cgfgoban\cgf_win.cpp(1367,28): error C2440: '初期化中': 'const char [6]' から 'char *' に変換できません。
C:\muzudho\document-a\33_第15回UEC杯コンピュータ囲碁大会\cgfgoban112\cgfgoban\cgf_win.cpp(1367,28): message : 文字列リテラルからの変換では const 修飾子が失われます (/Zc:strictStrings を参照)
C:\muzudho\document-a\33_第15回UEC杯コンピュータ囲碁大会\cgfgoban112\cgfgoban\cgf_win.cpp(1367,36): error C2440: '初期化中': 'const char [14]' から 'char *' に変換できません。
C:\muzudho\document-a\33_第15回UEC杯コンピュータ囲碁大会\cgfgoban112\cgfgoban\cgf_win.cpp(1367,36): message : 文字列リテラルからの変換では const 修飾子が失われます (/Zc:strictStrings を参照)
C:\muzudho\document-a\33_第15回UEC杯コンピュータ囲碁大会\cgfgoban112\cgfgoban\cgf_win.cpp(1367,52): error C2440: '初期化中': 'const char [10]' から 'char *' に変換できません。
C:\muzudho\document-a\33_第15回UEC杯コンピュータ囲碁大会\cgfgoban112\cgfgoban\cgf_win.cpp(1367,52): message : 文字列リテラルからの変換では const 修飾子が失われます (/Zc:strictStrings を参照)
C:\muzudho\document-a\33_第15回UEC杯コンピュータ囲碁大会\cgfgoban112\cgfgoban\cgf_win.cpp(1367,64): error C2440: '初期化中': 'const char [13]' から 'char *' に変換できません。
C:\muzudho\document-a\33_第15回UEC杯コンピュータ囲碁大会\cgfgoban112\cgfgoban\cgf_win.cpp(1367,64): message : 文字列リテラルからの変換では const 修飾子が失われます (/Zc:strictStrings を参照)
C:\muzudho\document-a\33_第15回UEC杯コンピュータ囲碁大会\cgfgoban112\cgfgoban\cgf_win.cpp(1367,79): error C2440: '初期化中': 'const char [14]' から 'char *' に変換できません。
C:\muzudho\document-a\33_第15回UEC杯コンピュータ囲碁大会\cgfgoban112\cgfgoban\cgf_win.cpp(1367,79): message : 文字列リテラルからの変換では const 修飾子が失われます (/Zc:strictStrings を参照)
C:\muzudho\document-a\33_第15回UEC杯コンピュータ囲碁大会\cgfgoban112\cgfgoban\cgf_win.cpp(1367,95): error C2440: '初期化中': 'const char [5]' から 'char *' に変換できません。
C:\muzudho\document-a\33_第15回UEC杯コンピュータ囲碁大会\cgfgoban112\cgfgoban\cgf_win.cpp(1367,95): message : 文字列リテラルからの変換では const 修飾子が失われます (/Zc:strictStrings を参照)
C:\muzudho\document-a\33_第15回UEC杯コンピュータ囲碁大会\cgfgoban112\cgfgoban\cgf_win.cpp(1370,40): error C2440: '初期化中': 'const char [5]' から 'char *' に変換できません。
C:\muzudho\document-a\33_第15回UEC杯コンピュータ囲碁大会\cgfgoban112\cgfgoban\cgf_win.cpp(1370,40): message : 文字列リテラルからの変換では const 修飾子が失われます (/Zc:strictStrings を参照)
C:\muzudho\document-a\33_第15回UEC杯コンピュータ囲碁大会\cgfgoban112\cgfgoban\cgf_win.cpp(1370,47): error C2440: '初期化中': 'const char [2]' から 'char *' に変換できません。
C:\muzudho\document-a\33_第15回UEC杯コンピュータ囲碁大会\cgfgoban112\cgfgoban\cgf_win.cpp(1370,47): message : 文字列リテラルからの変換では const 修飾子が失われます (/Zc:strictStrings を参照)
C:\muzudho\document-a\33_第15回UEC杯コンピュータ囲碁大会\cgfgoban112\cgfgoban\cgf_win.cpp(1370,51): error C2440: '初期化中': 'const char [2]' から 'char *' に変換できません。
C:\muzudho\document-a\33_第15回UEC杯コンピュータ囲碁大会\cgfgoban112\cgfgoban\cgf_win.cpp(1370,51): message : 文字列リテラルからの変換では const 修飾子が失われます (/Zc:strictStrings を参照)
C:\muzudho\document-a\33_第15回UEC杯コンピュータ囲碁大会\cgfgoban112\cgfgoban\cgf_win.cpp(1370,55): error C2440: '初期化中': 'const char [2]' から 'char *' に変換できません。
C:\muzudho\document-a\33_第15回UEC杯コンピュータ囲碁大会\cgfgoban112\cgfgoban\cgf_win.cpp(1370,55): message : 文字列リテラルからの変換では const 修飾子が失われます (/Zc:strictStrings を参照)
C:\muzudho\document-a\33_第15回UEC杯コンピュータ囲碁大会\cgfgoban112\cgfgoban\cgf_win.cpp(1370,59): error C2440: '初期化中': 'const char [2]' から 'char *' に変換できません。
C:\muzudho\document-a\33_第15回UEC杯コンピュータ囲碁大会\cgfgoban112\cgfgoban\cgf_win.cpp(1370,59): message : 文字列リテラルからの変換では const 修飾子が失われます (/Zc:strictStrings を参照)
C:\muzudho\document-a\33_第15回UEC杯コンピュータ囲碁大会\cgfgoban112\cgfgoban\cgf_win.cpp(1370,63): error C2440: '初期化中': 'const char [2]' から 'char *' に変換できません。
C:\muzudho\document-a\33_第15回UEC杯コンピュータ囲碁大会\cgfgoban112\cgfgoban\cgf_win.cpp(1370,63): message : 文字列リテラルからの変換では const 修飾子が失われます (/Zc:strictStrings を参照)
C:\muzudho\document-a\33_第15回UEC杯コンピュータ囲碁大会\cgfgoban112\cgfgoban\cgf_win.cpp(1370,67): error C2440: '初期化中': 'const char [2]' から 'char *' に変換できません。
C:\muzudho\document-a\33_第15回UEC杯コンピュータ囲碁大会\cgfgoban112\cgfgoban\cgf_win.cpp(1370,67): message : 文字列リテラルからの変換では const 修飾子が失われます (/Zc:strictStrings を参照)
C:\muzudho\document-a\33_第15回UEC杯コンピュータ囲碁大会\cgfgoban112\cgfgoban\cgf_win.cpp(1370,71): error C2440: '初期化中': 'const char [2]' から 'char *' に変換できません。
C:\muzudho\document-a\33_第15回UEC杯コンピュータ囲碁大会\cgfgoban112\cgfgoban\cgf_win.cpp(1370,71): message : 文字列リテラルからの変換では const 修飾子が失われます (/Zc:strictStrings を参照)
C:\muzudho\document-a\33_第15回UEC杯コンピュータ囲碁大会\cgfgoban112\cgfgoban\cgf_win.cpp(1370,75): error C2440: '初期化中': 'const char [2]' から 'char *' に変換できません。
C:\muzudho\document-a\33_第15回UEC杯コンピュータ囲碁大会\cgfgoban112\cgfgoban\cgf_win.cpp(1370,75): message : 文字列リテラルからの変換では const 修飾子が失われます (/Zc:strictStrings を参照)
C:\muzudho\document-a\33_第15回UEC杯コンピュータ囲碁大会\cgfgoban112\cgfgoban\cgf_win.cpp(1371,29): error C2440: '初期化中': 'const char [38]' から 'char *' に変換できません。
C:\muzudho\document-a\33_第15回UEC杯コンピュータ囲碁大会\cgfgoban112\cgfgoban\cgf_win.cpp(1371,29): message : 文字列リテラルからの変換では const 修飾子が失われます (/Zc:strictStrings を参照)
C:\muzudho\document-a\33_第15回UEC杯コンピュータ囲碁大会\cgfgoban112\cgfgoban\cgf_win.cpp(1372,28): error C2440: '初期化中': 'const char [5]' から 'char *' に変換できません。
C:\muzudho\document-a\33_第15回UEC杯コンピュータ囲碁大会\cgfgoban112\cgfgoban\cgf_win.cpp(1372,28): message : 文字列リテラルからの変換では const 修飾子が失われます (/Zc:strictStrings を参照)
C:\muzudho\document-a\33_第15回UEC杯コンピュータ囲碁大会\cgfgoban112\cgfgoban\cgf_win.cpp(1372,35): error C2440: '初期化中': 'const char [1]' から 'char *' に変換できません。
C:\muzudho\document-a\33_第15回UEC杯コンピュータ囲碁大会\cgfgoban112\cgfgoban\cgf_win.cpp(1372,35): message : 文字列リテラルからの変換では const 修飾子が失われます (/Zc:strictStrings を参照)
C:\muzudho\document-a\33_第15回UEC杯コンピュータ囲碁大会\cgfgoban112\cgfgoban\cgf_win.cpp(1372,38): error C2440: '初期化中': 'const char [1]' から 'char *' に変換できません。
C:\muzudho\document-a\33_第15回UEC杯コンピュータ囲碁大会\cgfgoban112\cgfgoban\cgf_win.cpp(1372,38): message : 文字列リテラルからの変換では const 修飾子が失われます (/Zc:strictStrings を参照)
C:\muzudho\document-a\33_第15回UEC杯コンピュータ囲碁大会\cgfgoban112\cgfgoban\cgf_win.cpp(1373,28): error C2440: '初期化中': 'const char [2]' から 'char *' に変換できません。
C:\muzudho\document-a\33_第15回UEC杯コンピュータ囲碁大会\cgfgoban112\cgfgoban\cgf_win.cpp(1373,28): message : 文字列リテラルからの変換では const 修飾子が失われます (/Zc:strictStrings を参照)
C:\muzudho\document-a\33_第15回UEC杯コンピュータ囲碁大会\cgfgoban112\cgfgoban\cgf_win.cpp(1373,32): error C2440: '初期化中': 'const char [3]' から 'char *' に変換できません。
C:\muzudho\document-a\33_第15回UEC杯コンピュータ囲碁大会\cgfgoban112\cgfgoban\cgf_win.cpp(1373,32): message : 文字列リテラルからの変換では const 修飾子が失われます (/Zc:strictStrings を参照)
C:\muzudho\document-a\33_第15回UEC杯コンピュータ囲碁大会\cgfgoban112\cgfgoban\cgf_win.cpp(1373,37): error C2440: '初期化中': 'const char [3]' から 'char *' に変換できません。
C:\muzudho\document-a\33_第15回UEC杯コンピュータ囲碁大会\cgfgoban112\cgfgoban\cgf_win.cpp(1373,37): message : 文字列リテラルからの変換では const 修飾子が失われます (/Zc:strictStrings を参照)
C:\muzudho\document-a\33_第15回UEC杯コンピュータ囲碁大会\cgfgoban112\cgfgoban\cgf_win.cpp(1466,5): error C2664: 'void UpdateStrList(char *,int *,const int,char [][256])': 引数 1 を 'const char [12]' から 'char *' へ変換できません。
C:\muzudho\document-a\33_第15回UEC杯コンピュータ囲碁大会\cgfgoban112\cgfgoban\cgf_win.cpp(1466,19): message : 文字列リテラルからの変換では const 修飾子が失われます (/Zc:strictStrings を参照)
C:\muzudho\document-a\33_第15回UEC杯コンピュータ囲碁大会\cgfgoban112\cgfgoban\cgf_win.cpp(118,6): message : 'UpdateStrList' の宣言を確認してください
C:\muzudho\document-a\33_第15回UEC杯コンピュータ囲碁大会\cgfgoban112\cgfgoban\cgf_win.cpp(1466,5): message : 引数リスト '(const char [12], int *, int, char [30][256])' を一致させようとしているとき
C:\muzudho\document-a\33_第15回UEC杯コンピュータ囲碁大会\cgfgoban112\cgfgoban\cgf_win.cpp(1467,5): error C2664: 'void UpdateStrList(char *,int *,const int,char [][256])': 引数 1 を 'const char [20]' から 'char *' へ変換できません。
C:\muzudho\document-a\33_第15回UEC杯コンピュータ囲碁大会\cgfgoban112\cgfgoban\cgf_win.cpp(1467,19): message : 文字列リテラルからの変換では const 修飾子が失われます (/Zc:strictStrings を参照)
C:\muzudho\document-a\33_第15回UEC杯コンピュータ囲碁大会\cgfgoban112\cgfgoban\cgf_win.cpp(118,6): message : 'UpdateStrList' の宣言を確認してください
C:\muzudho\document-a\33_第15回UEC杯コンピュータ囲碁大会\cgfgoban112\cgfgoban\cgf_win.cpp(1467,5): message : 引数リスト '(const char [20], int *, int, char [30][256])' を一致させようとしているとき
C:\muzudho\document-a\33_第15回UEC杯コンピュータ囲碁大会\cgfgoban112\cgfgoban\cgf_win.cpp(1473,5): error C2664: 'BOOL SetDlgItemTextW(HWND,int,LPCWSTR)': 引数 3 を 'char [256]' から 'LPCWSTR' へ変換できません。
C:\muzudho\document-a\33_第15回UEC杯コンピュータ囲碁大会\cgfgoban112\cgfgoban\cgf_win.cpp(1473,59): message : 指示された型は関連がありません。変換には reinterpret_cast、C スタイル キャストまたはかっこで囲まれた関数スタイル キャストが必要です。
C:\Program Files (x86)\Windows Kits\10\Include\10.0.22621.0\um\winuser.h(5168,1): message : 'SetDlgItemTextW' の宣言を確認してください
C:\muzudho\document-a\33_第15回UEC杯コンピュータ囲碁大会\cgfgoban112\cgfgoban\cgf_win.cpp(1473,5): message : 引数リスト '(HWND, int, char [256])' を一致させようとしているとき
C:\muzudho\document-a\33_第15回UEC杯コンピュータ囲碁大会\cgfgoban112\cgfgoban\cgf_win.cpp(1474,5): error C2664: 'BOOL SetDlgItemTextW(HWND,int,LPCWSTR)': 引数 3 を 'char [256]' から 'LPCWSTR' へ変換できません。
C:\muzudho\document-a\33_第15回UEC杯コンピュータ囲碁大会\cgfgoban112\cgfgoban\cgf_win.cpp(1474,59): message : 指示された型は関連がありません。変換には reinterpret_cast、C スタイル キャストまたはかっこで囲まれた関数スタイル キャストが必要です。
C:\Program Files (x86)\Windows Kits\10\Include\10.0.22621.0\um\winuser.h(5168,1): message : 'SetDlgItemTextW' の宣言を確認してください
C:\muzudho\document-a\33_第15回UEC杯コンピュータ囲碁大会\cgfgoban112\cgfgoban\cgf_win.cpp(1474,5): message : 引数リスト '(HWND, int, char [256])' を一致させようとしているとき
C:\muzudho\document-a\33_第15回UEC杯コンピュータ囲碁大会\cgfgoban112\cgfgoban\cgf_win.cpp(1480,5): error C2664: 'void UpdateStrList(char *,int *,const int,char [][256])': 引数 1 を 'const char [12]' から 'char *' へ変換できません。
C:\muzudho\document-a\33_第15回UEC杯コンピュータ囲碁大会\cgfgoban112\cgfgoban\cgf_win.cpp(1480,19): message : 文字列リテラルからの変換では const 修飾子が失われます (/Zc:strictStrings を参照)
C:\muzudho\document-a\33_第15回UEC杯コンピュータ囲碁大会\cgfgoban112\cgfgoban\cgf_win.cpp(118,6): message : 'UpdateStrList' の宣言を確認してください
C:\muzudho\document-a\33_第15回UEC杯コンピュータ囲碁大会\cgfgoban112\cgfgoban\cgf_win.cpp(1480,5): message : 引数リスト '(const char [12], int *, int, char [30][256])' を一致させようとしているとき
C:\muzudho\document-a\33_第15回UEC杯コンピュータ囲碁大会\cgfgoban112\cgfgoban\cgf_win.cpp(1481,5): error C2664: 'void UpdateStrList(char *,int *,const int,char [][256])': 引数 1 を 'const char [15]' から 'char *' へ変換できません。
C:\muzudho\document-a\33_第15回UEC杯コンピュータ囲碁大会\cgfgoban112\cgfgoban\cgf_win.cpp(1481,19): message : 文字列リテラルからの変換では const 修飾子が失われます (/Zc:strictStrings を参照)
C:\muzudho\document-a\33_第15回UEC杯コンピュータ囲碁大会\cgfgoban112\cgfgoban\cgf_win.cpp(118,6): message : 'UpdateStrList' の宣言を確認してください
C:\muzudho\document-a\33_第15回UEC杯コンピュータ囲碁大会\cgfgoban112\cgfgoban\cgf_win.cpp(1481,5): message : 引数リスト '(const char [15], int *, int, char [30][256])' を一致させようとしているとき
C:\muzudho\document-a\33_第15回UEC杯コンピュータ囲碁大会\cgfgoban112\cgfgoban\cgf_win.cpp(1484,5): error C2664: 'void UpdateStrList(char *,int *,const int,char [][256])': 引数 1 を 'const char [5]' から 'char *' へ変換できません。
C:\muzudho\document-a\33_第15回UEC杯コンピュータ囲碁大会\cgfgoban112\cgfgoban\cgf_win.cpp(1484,19): message : 文字列リテラルからの変換では const 修飾子が失われます (/Zc:strictStrings を参照)
C:\muzudho\document-a\33_第15回UEC杯コンピュータ囲碁大会\cgfgoban112\cgfgoban\cgf_win.cpp(118,6): message : 'UpdateStrList' の宣言を確認してください
C:\muzudho\document-a\33_第15回UEC杯コンピュータ囲碁大会\cgfgoban112\cgfgoban\cgf_win.cpp(1484,5): message : 引数リスト '(const char [5], int *, int, char [30][256])' を一致させようとしているとき
C:\muzudho\document-a\33_第15回UEC杯コンピュータ囲碁大会\cgfgoban112\cgfgoban\cgf_win.cpp(1485,5): error C2664: 'void UpdateStrList(char *,int *,const int,char [][256])': 引数 1 を 'const char [5]' から 'char *' へ変換できません。
C:\muzudho\document-a\33_第15回UEC杯コンピュータ囲碁大会\cgfgoban112\cgfgoban\cgf_win.cpp(1485,19): message : 文字列リテラルからの変換では const 修飾子が失われます (/Zc:strictStrings を参照)
C:\muzudho\document-a\33_第15回UEC杯コンピュータ囲碁大会\cgfgoban112\cgfgoban\cgf_win.cpp(118,6): message : 'UpdateStrList' の宣言を確認してください
C:\muzudho\document-a\33_第15回UEC杯コンピュータ囲碁大会\cgfgoban112\cgfgoban\cgf_win.cpp(1485,5): message : 引数リスト '(const char [5], int *, int, char [30][256])' を一致させようとしているとき
C:\muzudho\document-a\33_第15回UEC杯コンピュータ囲碁大会\cgfgoban112\cgfgoban\cgf_win.cpp(1497,5): error C2664: 'BOOL SetDlgItemTextW(HWND,int,LPCWSTR)': 引数 3 を 'char [256]' から 'LPCWSTR' へ変換できません。
C:\muzudho\document-a\33_第15回UEC杯コンピュータ囲碁大会\cgfgoban112\cgfgoban\cgf_win.cpp(1497,45): message : 指示された型は関連がありません。変換には reinterpret_cast、C スタイル キャストまたはかっこで囲まれた関数スタイル キャストが必要です。
C:\Program Files (x86)\Windows Kits\10\Include\10.0.22621.0\um\winuser.h(5168,1): message : 'SetDlgItemTextW' の宣言を確認してください
C:\muzudho\document-a\33_第15回UEC杯コンピュータ囲碁大会\cgfgoban112\cgfgoban\cgf_win.cpp(1497,5): message : 引数リスト '(HWND, int, char [256])' を一致させようとしているとき
C:\muzudho\document-a\33_第15回UEC杯コンピュータ囲碁大会\cgfgoban112\cgfgoban\cgf_win.cpp(1506,40): warning C4244: '=': 'LRESULT' から 'int' への変換です。データが失われる可能性があります。
C:\muzudho\document-a\33_第15回UEC杯コンピュータ囲碁大会\cgfgoban112\cgfgoban\cgf_win.cpp(1507,40): warning C4244: '=': 'LRESULT' から 'int' への変換です。データが失われる可能性があります。
C:\muzudho\document-a\33_第15回UEC杯コンピュータ囲碁大会\cgfgoban112\cgfgoban\cgf_win.cpp(1519,6): error C2664: 'int MessageBoxW(HWND,LPCWSTR,LPCWSTR,UINT)': 引数 2 を 'char *' から 'LPCWSTR' へ変換できません。
C:\muzudho\document-a\33_第15回UEC杯コンピュータ囲碁大会\cgfgoban112\cgfgoban\cgf_win.cpp(1519,31): message : 指示された型は関連がありません。変換には reinterpret_cast、C スタイル キャストまたはかっこで囲まれた関数スタイル キャストが必要です。
C:\Program Files (x86)\Windows Kits\10\Include\10.0.22621.0\um\winuser.h(9180,1): message : 'MessageBoxW' の宣言を確認してください
C:\muzudho\document-a\33_第15回UEC杯コンピュータ囲碁大会\cgfgoban112\cgfgoban\cgf_win.cpp(1519,6): message : 引数リスト '(HWND, char *, const char [20], long)' を一致させようとしているとき
C:\muzudho\document-a\33_第15回UEC杯コンピュータ囲碁大会\cgfgoban112\cgfgoban\cgf_win.cpp(1523,6): error C2664: 'int MessageBoxW(HWND,LPCWSTR,LPCWSTR,UINT)': 引数 2 を 'const char [103]' から 'LPCWSTR' へ変換できません。
C:\muzudho\document-a\33_第15回UEC杯コンピュータ囲碁大会\cgfgoban112\cgfgoban\cgf_win.cpp(1523,22): message : 指示された型は関連がありません。変換には reinterpret_cast、C スタイル キャストまたはかっこで囲まれた関数スタイル キャストが必要です。
C:\Program Files (x86)\Windows Kits\10\Include\10.0.22621.0\um\winuser.h(9180,1): message : 'MessageBoxW' の宣言を確認してください
C:\muzudho\document-a\33_第15回UEC杯コンピュータ囲碁大会\cgfgoban112\cgfgoban\cgf_win.cpp(1523,6): message : 引数リスト '(HWND, const char [103], const char [14], long)' を一致させようとしているとき
C:\muzudho\document-a\33_第15回UEC杯コンピュータ囲碁大会\cgfgoban112\cgfgoban\cgf_win.cpp(1533,6): error C2664: 'UINT GetDlgItemTextW(HWND,int,LPWSTR,int)': 引数 3 を 'char [256]' から 'LPWSTR' へ変換できません。
C:\muzudho\document-a\33_第15回UEC杯コンピュータ囲碁大会\cgfgoban112\cgfgoban\cgf_win.cpp(1533,53): message : 指示された型は関連がありません。変換には reinterpret_cast、C スタイル キャストまたはかっこで囲まれた関数スタイル キャストが必要です。
C:\Program Files (x86)\Windows Kits\10\Include\10.0.22621.0\um\winuser.h(5191,1): message : 'GetDlgItemTextW' の宣言を確認してください
C:\muzudho\document-a\33_第15回UEC杯コンピュータ囲碁大会\cgfgoban112\cgfgoban\cgf_win.cpp(1533,6): message : 引数リスト '(HWND, int, char [256], int)' を一致させようとしているとき
C:\muzudho\document-a\33_第15回UEC杯コンピュータ囲碁大会\cgfgoban112\cgfgoban\cgf_win.cpp(1542,28): warning C4244: '=': 'LRESULT' から 'int' への変換です。データが失われる可能性があります。
C:\muzudho\document-a\33_第15回UEC杯コンピュータ囲碁大会\cgfgoban112\cgfgoban\cgf_win.cpp(1550,21): warning C4244: '=': 'LRESULT' から 'int' への変換です。データが失われる可能性があります。
C:\muzudho\document-a\33_第15回UEC杯コンピュータ囲碁大会\cgfgoban112\cgfgoban\cgf_win.cpp(1559,27): warning C4244: '=': 'LRESULT' から 'int' への変換です。データが失われる可能性があります。
C:\muzudho\document-a\33_第15回UEC杯コンピュータ囲碁大会\cgfgoban112\cgfgoban\cgf_win.cpp(1566,6): error C2664: 'UINT GetDlgItemTextW(HWND,int,LPWSTR,int)': 引数 3 を 'char [256]' から 'LPWSTR' へ変換できません。
C:\muzudho\document-a\33_第15回UEC杯コンピュータ囲碁大会\cgfgoban112\cgfgoban\cgf_win.cpp(1566,44): message : 指示された型は関連がありません。変換には reinterpret_cast、C スタイル キャストまたはかっこで囲まれた関数スタイル キャストが必要です。
C:\Program Files (x86)\Windows Kits\10\Include\10.0.22621.0\um\winuser.h(5191,1): message : 'GetDlgItemTextW' の宣言を確認してください
C:\muzudho\document-a\33_第15回UEC杯コンピュータ囲碁大会\cgfgoban112\cgfgoban\cgf_win.cpp(1566,6): message : 引数リスト '(HWND, int, char [256], int)' を一致させようとしているとき
C:\muzudho\document-a\33_第15回UEC杯コンピュータ囲碁大会\cgfgoban112\cgfgoban\cgf_win.cpp(1570,6): error C2664: 'UINT GetDlgItemTextW(HWND,int,LPWSTR,int)': 引数 3 を 'char [256]' から 'LPWSTR' へ変換できません。
C:\muzudho\document-a\33_第15回UEC杯コンピュータ囲碁大会\cgfgoban112\cgfgoban\cgf_win.cpp(1570,60): message : 指示された型は関連がありません。変換には reinterpret_cast、C スタイル キャストまたはかっこで囲まれた関数スタイル キャストが必要です。
C:\Program Files (x86)\Windows Kits\10\Include\10.0.22621.0\um\winuser.h(5191,1): message : 'GetDlgItemTextW' の宣言を確認してください
C:\muzudho\document-a\33_第15回UEC杯コンピュータ囲碁大会\cgfgoban112\cgfgoban\cgf_win.cpp(1570,6): message : 引数リスト '(HWND, int, char [256], int)' を一致させようとしているとき
C:\muzudho\document-a\33_第15回UEC杯コンピュータ囲碁大会\cgfgoban112\cgfgoban\cgf_win.cpp(1571,6): error C2664: 'UINT GetDlgItemTextW(HWND,int,LPWSTR,int)': 引数 3 を 'char [256]' から 'LPWSTR' へ変換できません。
C:\muzudho\document-a\33_第15回UEC杯コンピュータ囲碁大会\cgfgoban112\cgfgoban\cgf_win.cpp(1571,60): message : 指示された型は関連がありません。変換には reinterpret_cast、C スタイル キャストまたはかっこで囲まれた関数スタイル キャストが必要です。
C:\Program Files (x86)\Windows Kits\10\Include\10.0.22621.0\um\winuser.h(5191,1): message : 'GetDlgItemTextW' の宣言を確認してください
C:\muzudho\document-a\33_第15回UEC杯コンピュータ囲碁大会\cgfgoban112\cgfgoban\cgf_win.cpp(1571,6): message : 引数リスト '(HWND, int, char [256], int)' を一致させようとしているとき
C:\muzudho\document-a\33_第15回UEC杯コンピュータ囲碁大会\cgfgoban112\cgfgoban\cgf_win.cpp(1578,6): error C2664: 'UINT GetDlgItemTextW(HWND,int,LPWSTR,int)': 引数 3 を 'char [256]' から 'LPWSTR' へ変換できません。
C:\muzudho\document-a\33_第15回UEC杯コンピュータ囲碁大会\cgfgoban112\cgfgoban\cgf_win.cpp(1578,44): message : 指示された型は関連がありません。変換には reinterpret_cast、C スタイル キャストまたはかっこで囲まれた関数スタイル キャストが必要です。
C:\Program Files (x86)\Windows Kits\10\Include\10.0.22621.0\um\winuser.h(5191,1): message : 'GetDlgItemTextW' の宣言を確認してください
C:\muzudho\document-a\33_第15回UEC杯コンピュータ囲碁大会\cgfgoban112\cgfgoban\cgf_win.cpp(1578,6): message : 引数リスト '(HWND, int, char [256], int)' を一致させようとしているとき
C:\muzudho\document-a\33_第15回UEC杯コンピュータ囲碁大会\cgfgoban112\cgfgoban\cgf_win.cpp(1582,6): error C2664: 'UINT GetDlgItemTextW(HWND,int,LPWSTR,int)': 引数 3 を 'char [256]' から 'LPWSTR' へ変換できません。
C:\muzudho\document-a\33_第15回UEC杯コンピュータ囲碁大会\cgfgoban112\cgfgoban\cgf_win.cpp(1582,42): message : 指示された型は関連がありません。変換には reinterpret_cast、C スタイル キャストまたはかっこで囲まれた関数スタイル キャストが必要です。
C:\Program Files (x86)\Windows Kits\10\Include\10.0.22621.0\um\winuser.h(5191,1): message : 'GetDlgItemTextW' の宣言を確認してください
C:\muzudho\document-a\33_第15回UEC杯コンピュータ囲碁大会\cgfgoban112\cgfgoban\cgf_win.cpp(1582,6): message : 引数リスト '(HWND, int, char [256], int)' を一致させようとしているとき
C:\muzudho\document-a\33_第15回UEC杯コンピュータ囲碁大会\cgfgoban112\cgfgoban\cgf_win.cpp(1586,6): error C2664: 'UINT GetDlgItemTextW(HWND,int,LPWSTR,int)': 引数 3 を 'char [256]' から 'LPWSTR' へ変換できません。
C:\muzudho\document-a\33_第15回UEC杯コンピュータ囲碁大会\cgfgoban112\cgfgoban\cgf_win.cpp(1586,42): message : 指示された型は関連がありません。変換には reinterpret_cast、C スタイル キャストまたはかっこで囲まれた関数スタイル キャストが必要です。
C:\Program Files (x86)\Windows Kits\10\Include\10.0.22621.0\um\winuser.h(5191,1): message : 'GetDlgItemTextW' の宣言を確認してください
C:\muzudho\document-a\33_第15回UEC杯コンピュータ囲碁大会\cgfgoban112\cgfgoban\cgf_win.cpp(1586,6): message : 引数リスト '(HWND, int, char [256], int)' を一致させようとしているとき
C:\muzudho\document-a\33_第15回UEC杯コンピュータ囲碁大会\cgfgoban112\cgfgoban\cgf_win.cpp(1590,6): error C2664: 'UINT GetDlgItemTextW(HWND,int,LPWSTR,int)': 引数 3 を 'char [256]' から 'LPWSTR' へ変換できません。
C:\muzudho\document-a\33_第15回UEC杯コンピュータ囲碁大会\cgfgoban112\cgfgoban\cgf_win.cpp(1590,45): message : 指示された型は関連がありません。変換には reinterpret_cast、C スタイル キャストまたはかっこで囲まれた関数スタイル キャストが必要です。
C:\Program Files (x86)\Windows Kits\10\Include\10.0.22621.0\um\winuser.h(5191,1): message : 'GetDlgItemTextW' の宣言を確認してください
C:\muzudho\document-a\33_第15回UEC杯コンピュータ囲碁大会\cgfgoban112\cgfgoban\cgf_win.cpp(1590,6): message : 引数リスト '(HWND, int, char [256], int)' を一致させようとしているとき
C:\muzudho\document-a\33_第15回UEC杯コンピュータ囲碁大会\cgfgoban112\cgfgoban\cgf_win.cpp(1594,21): warning C4244: '=': 'LRESULT' から 'int' への変換です。データが失われる可能性があります。
C:\muzudho\document-a\33_第15回UEC杯コンピュータ囲碁大会\cgfgoban112\cgfgoban\cgf_win.cpp(1608,8): error C2664: 'int MessageBoxW(HWND,LPCWSTR,LPCWSTR,UINT)': 引数 2 を 'const char [22]' から 'LPCWSTR' へ変換できません。
C:\muzudho\document-a\33_第15回UEC杯コンピュータ囲碁大会\cgfgoban112\cgfgoban\cgf_win.cpp(1608,24): message : 指示された型は関連がありません。変換には reinterpret_cast、C スタイル キャストまたはかっこで囲まれた関数スタイル キャストが必要です。
C:\Program Files (x86)\Windows Kits\10\Include\10.0.22621.0\um\winuser.h(9180,1): message : 'MessageBoxW' の宣言を確認してください
C:\muzudho\document-a\33_第15回UEC杯コンピュータ囲碁大会\cgfgoban112\cgfgoban\cgf_win.cpp(1608,8): message : 引数リスト '(HWND, const char [22], const char [8], long)' を一致させようとしているとき
C:\muzudho\document-a\33_第15回UEC杯コンピュータ囲碁大会\cgfgoban112\cgfgoban\cgf_win.cpp(1642,32): warning C4244: '=': 'LRESULT' から 'int' への変換です。データが失われる可能性があります。
C:\muzudho\document-a\33_第15回UEC杯コンピュータ囲碁大会\cgfgoban112\cgfgoban\cgf_win.cpp(1643,32): warning C4244: '=': 'LRESULT' から 'int' への変換です。データが失われる可能性があります。
C:\muzudho\document-a\33_第15回UEC杯コンピュータ囲碁大会\cgfgoban112\cgfgoban\cgf_win.cpp(1668,47): error C2664: 'BOOL SetDlgItemTextW(HWND,int,LPCWSTR)': 引数 3 を 'char *' から 'LPCWSTR' へ変換できません。
C:\muzudho\document-a\33_第15回UEC杯コンピュータ囲碁大会\cgfgoban112\cgfgoban\cgf_win.cpp(1668,94): message : 指示された型は関連がありません。変換には reinterpret_cast、C スタイル キャストまたはかっこで囲まれた関数スタイル キャストが必要です。
C:\Program Files (x86)\Windows Kits\10\Include\10.0.22621.0\um\winuser.h(5168,1): message : 'SetDlgItemTextW' の宣言を確認してください
C:\muzudho\document-a\33_第15回UEC杯コンピュータ囲碁大会\cgfgoban112\cgfgoban\cgf_win.cpp(1668,47): message : 引数リスト '(HWND, int, char *)' を一致させようとしているとき
C:\muzudho\document-a\33_第15回UEC杯コンピュータ囲碁大会\cgfgoban112\cgfgoban\cgf_win.cpp(1669,47): error C2664: 'BOOL SetDlgItemTextW(HWND,int,LPCWSTR)': 引数 3 を 'char *' から 'LPCWSTR' へ変換できません。
C:\muzudho\document-a\33_第15回UEC杯コンピュータ囲碁大会\cgfgoban112\cgfgoban\cgf_win.cpp(1669,94): message : 指示された型は関連がありません。変換には reinterpret_cast、C スタイル キャストまたはかっこで囲まれた関数スタイル キャストが必要です。
C:\Program Files (x86)\Windows Kits\10\Include\10.0.22621.0\um\winuser.h(5168,1): message : 'SetDlgItemTextW' の宣言を確認してください
C:\muzudho\document-a\33_第15回UEC杯コンピュータ囲碁大会\cgfgoban112\cgfgoban\cgf_win.cpp(1669,47): message : 引数リスト '(HWND, int, char *)' を一致させようとしているとき
C:\muzudho\document-a\33_第15回UEC杯コンピュータ囲碁大会\cgfgoban112\cgfgoban\cgf_win.cpp(1420,6): error C4996: 'sprintf': This function or variable may be unsafe. Consider using sprintf_s instead. To disable deprecation, use _CRT_SECURE_NO_WARNINGS. See online help for details.
C:\muzudho\document-a\33_第15回UEC杯コンピュータ囲碁大会\cgfgoban112\cgfgoban\cgf_win.cpp(1443,6): error C4996: 'sprintf': This function or variable may be unsafe. Consider using sprintf_s instead. To disable deprecation, use _CRT_SECURE_NO_WARNINGS. See online help for details.
C:\muzudho\document-a\33_第15回UEC杯コンピュータ囲碁大会\cgfgoban112\cgfgoban\cgf_win.cpp(1456,6): error C4996: 'sprintf': This function or variable may be unsafe. Consider using sprintf_s instead. To disable deprecation, use _CRT_SECURE_NO_WARNINGS. See online help for details.
C:\muzudho\document-a\33_第15回UEC杯コンピュータ囲碁大会\cgfgoban112\cgfgoban\cgf_win.cpp(1615,45): error C4996: 'strcpy': This function or variable may be unsafe. Consider using strcpy_s instead. To disable deprecation, use _CRT_SECURE_NO_WARNINGS. See online help for details.
C:\muzudho\document-a\33_第15回UEC杯コンピュータ囲碁大会\cgfgoban112\cgfgoban\cgf_win.cpp(1700,3): error C2440: '初期化中': 'const char [3]' から 'char *' に変換できません。
C:\muzudho\document-a\33_第15回UEC杯コンピュータ囲碁大会\cgfgoban112\cgfgoban\cgf_win.cpp(1700,3): message : 文字列リテラルからの変換では const 修飾子が失われます (/Zc:strictStrings を参照)
C:\muzudho\document-a\33_第15回UEC杯コンピュータ囲碁大会\cgfgoban112\cgfgoban\cgf_win.cpp(1701,3): error C2440: '初期化中': 'const char [13]' から 'char *' に変換できません。
C:\muzudho\document-a\33_第15回UEC杯コンピュータ囲碁大会\cgfgoban112\cgfgoban\cgf_win.cpp(1701,3): message : 文字列リテラルからの変換では const 修飾子が失われます (/Zc:strictStrings を参照)
C:\muzudho\document-a\33_第15回UEC杯コンピュータ囲碁大会\cgfgoban112\cgfgoban\cgf_win.cpp(1702,3): error C2440: '初期化中': 'const char [4]' から 'char *' に変換できません。
C:\muzudho\document-a\33_第15回UEC杯コンピュータ囲碁大会\cgfgoban112\cgfgoban\cgf_win.cpp(1702,3): message : 文字列リテラルからの変換では const 修飾子が失われます (/Zc:strictStrings を参照)
C:\muzudho\document-a\33_第15回UEC杯コンピュータ囲碁大会\cgfgoban112\cgfgoban\cgf_win.cpp(1703,3): error C2440: '初期化中': 'const char [23]' から 'char *' に変換できません。
C:\muzudho\document-a\33_第15回UEC杯コンピュータ囲碁大会\cgfgoban112\cgfgoban\cgf_win.cpp(1703,3): message : 文字列リテラルからの変換では const 修飾子が失われます (/Zc:strictStrings を参照)
C:\muzudho\document-a\33_第15回UEC杯コンピュータ囲碁大会\cgfgoban112\cgfgoban\cgf_win.cpp(1704,3): error C2440: '初期化中': 'const char [14]' から 'char *' に変換できません。
C:\muzudho\document-a\33_第15回UEC杯コンピュータ囲碁大会\cgfgoban112\cgfgoban\cgf_win.cpp(1704,3): message : 文字列リテラルからの変換では const 修飾子が失われます (/Zc:strictStrings を参照)
C:\muzudho\document-a\33_第15回UEC杯コンピュータ囲碁大会\cgfgoban112\cgfgoban\cgf_win.cpp(1705,3): error C2440: '初期化中': 'const char [30]' から 'char *' に変換できません。
C:\muzudho\document-a\33_第15回UEC杯コンピュータ囲碁大会\cgfgoban112\cgfgoban\cgf_win.cpp(1705,3): message : 文字列リテラルからの変換では const 修飾子が失われます (/Zc:strictStrings を参照)
C:\muzudho\document-a\33_第15回UEC杯コンピュータ囲碁大会\cgfgoban112\cgfgoban\cgf_win.cpp(1706,3): error C2440: '初期化中': 'const char [16]' から 'char *' に変換できません。
C:\muzudho\document-a\33_第15回UEC杯コンピュータ囲碁大会\cgfgoban112\cgfgoban\cgf_win.cpp(1706,3): message : 文字列リテラルからの変換では const 修飾子が失われます (/Zc:strictStrings を参照)
C:\muzudho\document-a\33_第15回UEC杯コンピュータ囲碁大会\cgfgoban112\cgfgoban\cgf_win.cpp(1707,3): error C2440: '初期化中': 'const char [7]' から 'char *' に変換できません。
C:\muzudho\document-a\33_第15回UEC杯コンピュータ囲碁大会\cgfgoban112\cgfgoban\cgf_win.cpp(1707,3): message : 文字列リテラルからの変換では const 修飾子が失われます (/Zc:strictStrings を参照)
C:\muzudho\document-a\33_第15回UEC杯コンピュータ囲碁大会\cgfgoban112\cgfgoban\cgf_win.cpp(1723,4): error C2664: 'int MessageBoxW(HWND,LPCWSTR,LPCWSTR,UINT)': 引数 2 を 'char *' から 'LPCWSTR' へ変換できません。
C:\muzudho\document-a\33_第15回UEC杯コンピュータ囲碁大会\cgfgoban112\cgfgoban\cgf_win.cpp(1723,31): message : 指示された型は関連がありません。変換には reinterpret_cast、C スタイル キャストまたはかっこで囲まれた関数スタイル キャストが必要です。
C:\Program Files (x86)\Windows Kits\10\Include\10.0.22621.0\um\winuser.h(9180,1): message : 'MessageBoxW' の宣言を確認してください
C:\muzudho\document-a\33_第15回UEC杯コンピュータ囲碁大会\cgfgoban112\cgfgoban\cgf_win.cpp(1723,4): message : 引数リスト '(HWND, char *, const char [10], long)' を一致させようとしているとき
C:\muzudho\document-a\33_第15回UEC杯コンピュータ囲碁大会\cgfgoban112\cgfgoban\cgf_win.cpp(1732,4): error C2664: 'int MessageBoxW(HWND,LPCWSTR,LPCWSTR,UINT)': 引数 2 を 'char [256]' から 'LPCWSTR' へ変換できません。
C:\muzudho\document-a\33_第15回UEC杯コンピュータ囲碁大会\cgfgoban112\cgfgoban\cgf_win.cpp(1732,20): message : 指示された型は関連がありません。変換には reinterpret_cast、C スタイル キャストまたはかっこで囲まれた関数スタイル キャストが必要です。
C:\Program Files (x86)\Windows Kits\10\Include\10.0.22621.0\um\winuser.h(9180,1): message : 'MessageBoxW' の宣言を確認してください
C:\muzudho\document-a\33_第15回UEC杯コンピュータ囲碁大会\cgfgoban112\cgfgoban\cgf_win.cpp(1732,4): message : 引数リスト '(HWND, char [256], const char [9], long)' を一致させようとしているとき
C:\muzudho\document-a\33_第15回UEC杯コンピュータ囲碁大会\cgfgoban112\cgfgoban\cgf_win.cpp(1728,3): error C4996: 'sprintf': This function or variable may be unsafe. Consider using sprintf_s instead. To disable deprecation, use _CRT_SECURE_NO_WARNINGS. See online help for details.
C:\muzudho\document-a\33_第15回UEC杯コンピュータ囲碁大会\cgfgoban112\cgfgoban\cgf_win.cpp(1744,3): error C2440: '初期化中': 'const char [62]' から 'char *' に変換できません。
C:\muzudho\document-a\33_第15回UEC杯コンピュータ囲碁大会\cgfgoban112\cgfgoban\cgf_win.cpp(1744,3): message : 文字列リテラルからの変換では const 修飾子が失われます (/Zc:strictStrings を参照)
C:\muzudho\document-a\33_第15回UEC杯コンピュータ囲碁大会\cgfgoban112\cgfgoban\cgf_win.cpp(1745,3): error C2440: '初期化中': 'const char [24]' から 'char *' に変換できません。
C:\muzudho\document-a\33_第15回UEC杯コンピュータ囲碁大会\cgfgoban112\cgfgoban\cgf_win.cpp(1745,3): message : 文字列リテラルからの変換では const 修飾子が失われます (/Zc:strictStrings を参照)
C:\muzudho\document-a\33_第15回UEC杯コンピュータ囲碁大会\cgfgoban112\cgfgoban\cgf_win.cpp(1746,3): error C2440: '初期化中': 'const char [14]' から 'char *' に変換できません。
C:\muzudho\document-a\33_第15回UEC杯コンピュータ囲碁大会\cgfgoban112\cgfgoban\cgf_win.cpp(1746,3): message : 文字列リテラルからの変換では const 修飾子が失われます (/Zc:strictStrings を参照)
C:\muzudho\document-a\33_第15回UEC杯コンピュータ囲碁大会\cgfgoban112\cgfgoban\cgf_win.cpp(1747,3): error C2440: '初期化中': 'const char [4]' から 'char *' に変換できません。
C:\muzudho\document-a\33_第15回UEC杯コンピュータ囲碁大会\cgfgoban112\cgfgoban\cgf_win.cpp(1747,3): message : 文字列リテラルからの変換では const 修飾子が失われます (/Zc:strictStrings を参照)
C:\muzudho\document-a\33_第15回UEC杯コンピュータ囲碁大会\cgfgoban112\cgfgoban\cgf_win.cpp(1748,3): error C2440: '初期化中': 'const char [65]' から 'char *' に変換できません。
C:\muzudho\document-a\33_第15回UEC杯コンピュータ囲碁大会\cgfgoban112\cgfgoban\cgf_win.cpp(1748,3): message : 文字列リテラルからの変換では const 修飾子が失われます (/Zc:strictStrings を参照)
C:\muzudho\document-a\33_第15回UEC杯コンピュータ囲碁大会\cgfgoban112\cgfgoban\cgf_win.cpp(1772,17): warning C4244: '引数': 'LPARAM' から 'LONG' への変換です。データが失われる可能性があります。
C:\muzudho\document-a\33_第15回UEC杯コンピュータ囲碁大会\cgfgoban112\cgfgoban\cgf_win.cpp(1788,5): error C2664: 'int MessageBoxW(HWND,LPCWSTR,LPCWSTR,UINT)': 引数 2 を 'char *' から 'LPCWSTR' へ変換できません。
C:\muzudho\document-a\33_第15回UEC杯コンピュータ囲碁大会\cgfgoban112\cgfgoban\cgf_win.cpp(1788,30): message : 指示された型は関連がありません。変換には reinterpret_cast、C スタイル キャストまたはかっこで囲まれた関数スタイル キャストが必要です。
C:\Program Files (x86)\Windows Kits\10\Include\10.0.22621.0\um\winuser.h(9180,1): message : 'MessageBoxW' の宣言を確認してください
C:\muzudho\document-a\33_第15回UEC杯コンピュータ囲碁大会\cgfgoban112\cgfgoban\cgf_win.cpp(1788,5): message : 引数リスト '(HWND, char *, const char [11], long)' を一致させようとしているとき
C:\muzudho\document-a\33_第15回UEC杯コンピュータ囲碁大会\cgfgoban112\cgfgoban\cgf_win.cpp(1792,5): error C2664: 'int MessageBoxW(HWND,LPCWSTR,LPCWSTR,UINT)': 引数 2 を 'char *' から 'LPCWSTR' へ変換できません。
C:\muzudho\document-a\33_第15回UEC杯コンピュータ囲碁大会\cgfgoban112\cgfgoban\cgf_win.cpp(1792,30): message : 指示された型は関連がありません。変換には reinterpret_cast、C スタイル キャストまたはかっこで囲まれた関数スタイル キャストが必要です。
C:\Program Files (x86)\Windows Kits\10\Include\10.0.22621.0\um\winuser.h(9180,1): message : 'MessageBoxW' の宣言を確認してください
C:\muzudho\document-a\33_第15回UEC杯コンピュータ囲碁大会\cgfgoban112\cgfgoban\cgf_win.cpp(1792,5): message : 引数リスト '(HWND, char *, const char [11], long)' を一致させようとしているとき
C:\muzudho\document-a\33_第15回UEC杯コンピュータ囲碁大会\cgfgoban112\cgfgoban\cgf_win.cpp(1811,5): error C2664: 'BOOL sndPlaySoundW(LPCWSTR,UINT)': 引数 1 を 'const char [10]' から 'LPCWSTR' へ変換できません。
C:\muzudho\document-a\33_第15回UEC杯コンピュータ囲碁大会\cgfgoban112\cgfgoban\cgf_win.cpp(1811,18): message : 指示された型は関連がありません。変換には reinterpret_cast、C スタイル キャストまたはかっこで囲まれた関数スタイル キャストが必要です。
C:\Program Files (x86)\Windows Kits\10\Include\10.0.22621.0\um\playsoundapi.h(48,1): message : 'sndPlaySoundW' の宣言を確認してください
C:\muzudho\document-a\33_第15回UEC杯コンピュータ囲碁大会\cgfgoban112\cgfgoban\cgf_win.cpp(1811,5): message : 引数リスト '(const char [10], int)' を一致させようとしているとき
C:\muzudho\document-a\33_第15回UEC杯コンピュータ囲碁大会\cgfgoban112\cgfgoban\cgf_win.cpp(1887,2): error C2664: 'UINT GetSystemDirectoryW(LPWSTR,UINT)': 引数 1 を 'char [256]' から 'LPWSTR' へ変換できません。
C:\muzudho\document-a\33_第15回UEC杯コンピュータ囲碁大会\cgfgoban112\cgfgoban\cgf_win.cpp(1887,21): message : 指示された型は関連がありません。変換には reinterpret_cast、C スタイル キャストまたはかっこで囲まれた関数スタイル キャストが必要です。
C:\Program Files (x86)\Windows Kits\10\Include\10.0.22621.0\um\sysinfoapi.h(246,1): message : 'GetSystemDirectoryW' の宣言を確認してください
C:\muzudho\document-a\33_第15回UEC杯コンピュータ囲碁大会\cgfgoban112\cgfgoban\cgf_win.cpp(1887,2): message : 引数リスト '(char [256], size_t)' を一致させようとしているとき
C:\muzudho\document-a\33_第15回UEC杯コンピュータ囲碁大会\cgfgoban112\cgfgoban\cgf_win.cpp(1890,18): error C2664: 'int LoadStringW(HINSTANCE,UINT,LPWSTR,int)': 引数 3 を 'char [256]' から 'LPWSTR' へ変換できません。
C:\muzudho\document-a\33_第15回UEC杯コンピュータ囲碁大会\cgfgoban112\cgfgoban\cgf_win.cpp(1891,10): message : 指示された型は関連がありません。変換には reinterpret_cast、C スタイル キャストまたはかっこで囲まれた関数スタイル キャストが必要です。
C:\Program Files (x86)\Windows Kits\10\Include\10.0.22621.0\um\libloaderapi.h(416,1): message : 'LoadStringW' の宣言を確認してください
C:\muzudho\document-a\33_第15回UEC杯コンピュータ囲碁大会\cgfgoban112\cgfgoban\cgf_win.cpp(1890,18): message : 引数リスト '(HINSTANCE, int, char [256], size_t)' を一致させようとしているとき
C:\muzudho\document-a\33_第15回UEC杯コンピュータ囲碁大会\cgfgoban112\cgfgoban\cgf_win.cpp(1926,20): error C2440: '=': 'char [256]' から 'LPCWSTR' に変換できません。
C:\muzudho\document-a\33_第15回UEC杯コンピュータ囲碁大会\cgfgoban112\cgfgoban\cgf_win.cpp(1926,28): fatal  error C1003: プログラム内のエラーが 100 個を超えました。コンパイルは中断されます。
  cgf_wsk.cpp
C:\muzudho\document-a\33_第15回UEC杯コンピュータ囲碁大会\cgfgoban112\cgfgoban\cgf_wsk.cpp(26,24): error C2440: '初期化中': 'const char [2]' から 'char *' に変換できません。
C:\muzudho\document-a\33_第15回UEC杯コンピュータ囲碁大会\cgfgoban112\cgfgoban\cgf_wsk.cpp(26,24): message : 文字列リテラルからの変換では const 修飾子が失われます (/Zc:strictStrings を参照)
C:\muzudho\document-a\33_第15回UEC杯コンピュータ囲碁大会\cgfgoban112\cgfgoban\cgf_wsk.cpp(26,28): error C2440: '初期化中': 'const char [2]' から 'char *' に変換できません。
C:\muzudho\document-a\33_第15回UEC杯コンピュータ囲碁大会\cgfgoban112\cgfgoban\cgf_wsk.cpp(26,28): message : 文字列リテラルからの変換では const 修飾子が失われます (/Zc:strictStrings を参照)
C:\muzudho\document-a\33_第15回UEC杯コンピュータ囲碁大会\cgfgoban112\cgfgoban\cgf_wsk.cpp(50,4): error C2664: 'void NngsSend(char *)': 引数 1 を 'const char [17]' から 'char *' へ変換できません。
C:\muzudho\document-a\33_第15回UEC杯コンピュータ囲碁大会\cgfgoban112\cgfgoban\cgf_wsk.cpp(50,13): message : 文字列リテラルからの変換では const 修飾子が失われます (/Zc:strictStrings を参照)
C:\muzudho\document-a\33_第15回UEC杯コンピュータ囲碁大会\cgfgoban112\cgfgoban\cgf_wsk.h(34,6): message : 'NngsSend' の宣言を確認してください
C:\muzudho\document-a\33_第15回UEC杯コンピュータ囲碁大会\cgfgoban112\cgfgoban\cgf_wsk.cpp(50,4): message : 引数リスト '(const char [17])' を一致させようとしているとき
C:\muzudho\document-a\33_第15回UEC杯コンピュータ囲碁大会\cgfgoban112\cgfgoban\cgf_wsk.cpp(68,13): warning C4267: '初期化中': 'size_t' から 'int' に変換しました。データが失われているかもしれません。
C:\muzudho\document-a\33_第15回UEC杯コンピュータ囲碁大会\cgfgoban112\cgfgoban\cgf_wsk.cpp(126,4): error C2664: 'void NngsSend(char *)': 引数 1 を 'const char [7]' から 'char *' へ変換できません。
C:\muzudho\document-a\33_第15回UEC杯コンピュータ囲碁大会\cgfgoban112\cgfgoban\cgf_wsk.cpp(126,13): message : 文字列リテラルからの変換では const 修飾子が失われます (/Zc:strictStrings を参照)
C:\muzudho\document-a\33_第15回UEC杯コンピュータ囲碁大会\cgfgoban112\cgfgoban\cgf_wsk.h(34,6): message : 'NngsSend' の宣言を確認してください
C:\muzudho\document-a\33_第15回UEC杯コンピュータ囲碁大会\cgfgoban112\cgfgoban\cgf_wsk.cpp(126,4): message : 引数リスト '(const char [7])' を一致させようとしているとき
C:\muzudho\document-a\33_第15回UEC杯コンピュータ囲碁大会\cgfgoban112\cgfgoban\cgf_wsk.cpp(145,4): error C2664: 'void NngsSend(char *)': 引数 1 を 'const char [17]' から 'char *' へ変換できません。
C:\muzudho\document-a\33_第15回UEC杯コンピュータ囲碁大会\cgfgoban112\cgfgoban\cgf_wsk.cpp(145,13): message : 文字列リテラルからの変換では const 修飾子が失われます (/Zc:strictStrings を参照)
C:\muzudho\document-a\33_第15回UEC杯コンピュータ囲碁大会\cgfgoban112\cgfgoban\cgf_wsk.h(34,6): message : 'NngsSend' の宣言を確認してください
C:\muzudho\document-a\33_第15回UEC杯コンピュータ囲碁大会\cgfgoban112\cgfgoban\cgf_wsk.cpp(145,4): message : 引数リスト '(const char [17])' を一致させようとしているとき
C:\muzudho\document-a\33_第15回UEC杯コンピュータ囲碁大会\cgfgoban112\cgfgoban\cgf_wsk.cpp(44,4): error C4996: 'sprintf': This function or variable may be unsafe. Consider using sprintf_s instead. To disable deprecation, use _CRT_SECURE_NO_WARNINGS. See online help for details.
C:\muzudho\document-a\33_第15回UEC杯コンピュータ囲碁大会\cgfgoban112\cgfgoban\cgf_wsk.cpp(58,3): error C4996: 'sprintf': This function or variable may be unsafe. Consider using sprintf_s instead. To disable deprecation, use _CRT_SECURE_NO_WARNINGS. See online help for details.
C:\muzudho\document-a\33_第15回UEC杯コンピュータ囲碁大会\cgfgoban112\cgfgoban\cgf_wsk.cpp(89,5): error C4996: 'sprintf': This function or variable may be unsafe. Consider using sprintf_s instead. To disable deprecation, use _CRT_SECURE_NO_WARNINGS. See online help for details.
C:\muzudho\document-a\33_第15回UEC杯コンピュータ囲碁大会\cgfgoban112\cgfgoban\cgf_wsk.cpp(92,5): error C4996: 'sprintf': This function or variable may be unsafe. Consider using sprintf_s instead. To disable deprecation, use _CRT_SECURE_NO_WARNINGS. See online help for details.
C:\muzudho\document-a\33_第15回UEC杯コンピュータ囲碁大会\cgfgoban112\cgfgoban\cgf_wsk.cpp(109,4): error C4996: 'sscanf': This function or variable may be unsafe. Consider using sscanf_s instead. To disable deprecation, use _CRT_SECURE_NO_WARNINGS. See online help for details.
C:\muzudho\document-a\33_第15回UEC杯コンピュータ囲碁大会\cgfgoban112\cgfgoban\cgf_wsk.cpp(150,5): error C4996: 'sprintf': This function or variable may be unsafe. Consider using sprintf_s instead. To disable deprecation, use _CRT_SECURE_NO_WARNINGS. See online help for details.
C:\muzudho\document-a\33_第15回UEC杯コンピュータ囲碁大会\cgfgoban112\cgfgoban\cgf_wsk.cpp(156,3): error C4996: 'sprintf': This function or variable may be unsafe. Consider using sprintf_s instead. To disable deprecation, use _CRT_SECURE_NO_WARNINGS. See online help for details.
C:\muzudho\document-a\33_第15回UEC杯コンピュータ囲碁大会\cgfgoban112\cgfgoban\cgf_wsk.cpp(158,4): error C4996: 'sprintf': This function or variable may be unsafe. Consider using sprintf_s instead. To disable deprecation, use _CRT_SECURE_NO_WARNINGS. See online help for details.
C:\muzudho\document-a\33_第15回UEC杯コンピュータ囲碁大会\cgfgoban112\cgfgoban\cgf_wsk.cpp(176,4): error C4996: 'sscanf': This function or variable may be unsafe. Consider using sscanf_s instead. To disable deprecation, use _CRT_SECURE_NO_WARNINGS. See online help for details.
C:\muzudho\document-a\33_第15回UEC杯コンピュータ囲碁大会\cgfgoban112\cgfgoban\cgf_wsk.cpp(199,3): error C4996: 'sprintf': This function or variable may be unsafe. Consider using sprintf_s instead. To disable deprecation, use _CRT_SECURE_NO_WARNINGS. See online help for details.
C:\muzudho\document-a\33_第15回UEC杯コンピュータ囲碁大会\cgfgoban112\cgfgoban\cgf_wsk.cpp(207,3): error C4996: 'sprintf': This function or variable may be unsafe. Consider using sprintf_s instead. To disable deprecation, use _CRT_SECURE_NO_WARNINGS. See online help for details.
C:\muzudho\document-a\33_第15回UEC杯コンピュータ囲碁大会\cgfgoban112\cgfgoban\cgf_wsk.cpp(211,2): error C4996: 'sprintf': This function or variable may be unsafe. Consider using sprintf_s instead. To disable deprecation, use _CRT_SECURE_NO_WARNINGS. See online help for details.
C:\muzudho\document-a\33_第15回UEC杯コンピュータ囲碁大会\cgfgoban112\cgfgoban\cgf_wsk.cpp(225,8): warning C4267: '初期化中': 'size_t' から 'int' に変換しました。データが失われているかもしれません。
C:\muzudho\document-a\33_第15回UEC杯コンピュータ囲碁大会\cgfgoban112\cgfgoban\cgf_wsk.cpp(238,2): error C4996: 'sprintf': This function or variable may be unsafe. Consider using sprintf_s instead. To disable deprecation, use _CRT_SECURE_NO_WARNINGS. See online help for details.
C:\muzudho\document-a\33_第15回UEC杯コンピュータ囲碁大会\cgfgoban112\cgfgoban\cgf_wsk.cpp(458,3): error C2664: 'void NngsSend(char *)': 引数 1 を 'const char [7]' から 'char *' へ変換できません。
C:\muzudho\document-a\33_第15回UEC杯コンピュータ囲碁大会\cgfgoban112\cgfgoban\cgf_wsk.cpp(458,12): message : 文字列リテラルからの変換では const 修飾子が失われます (/Zc:strictStrings を参照)
C:\muzudho\document-a\33_第15回UEC杯コンピュータ囲碁大会\cgfgoban112\cgfgoban\cgf_wsk.cpp(223,6): message : 'NngsSend' の宣言を確認してください
C:\muzudho\document-a\33_第15回UEC杯コンピュータ囲碁大会\cgfgoban112\cgfgoban\cgf_wsk.cpp(458,3): message : 引数リスト '(const char [7])' を一致させようとしているとき
C:\muzudho\document-a\33_第15回UEC杯コンピュータ囲碁大会\cgfgoban112\cgfgoban\cgf_wsk.cpp(465,3): error C4996: 'sscanf': This function or variable may be unsafe. Consider using sscanf_s instead. To disable deprecation, use _CRT_SECURE_NO_WARNINGS. See online help for details.
C:\muzudho\document-a\33_第15回UEC杯コンピュータ囲碁大会\cgfgoban112\cgfgoban\cgf_wsk.cpp(472,8): error C4996: 'strnicmp': The POSIX name for this item is deprecated. Instead, use the ISO C and C++ conformant name: _strnicmp. See online help for details.
C:\muzudho\document-a\33_第15回UEC杯コンピュータ囲碁大会\cgfgoban112\cgfgoban\cgf_wsk.cpp(490,3): error C4996: 'sprintf': This function or variable may be unsafe. Consider using sprintf_s instead. To disable deprecation, use _CRT_SECURE_NO_WARNINGS. See online help for details.
C:\muzudho\document-a\33_第15回UEC杯コンピュータ囲碁大会\cgfgoban112\cgfgoban\cgf_wsk.cpp(495,3): error C4996: 'sprintf': This function or variable may be unsafe. Consider using sprintf_s instead. To disable deprecation, use _CRT_SECURE_NO_WARNINGS. See online help for details.
C:\muzudho\document-a\33_第15回UEC杯コンピュータ囲碁大会\cgfgoban112\cgfgoban\cgf_wsk.cpp(500,3): error C4996: 'sprintf': This function or variable may be unsafe. Consider using sprintf_s instead. To disable deprecation, use _CRT_SECURE_NO_WARNINGS. See online help for details.
C:\muzudho\document-a\33_第15回UEC杯コンピュータ囲碁大会\cgfgoban112\cgfgoban\cgf_wsk.cpp(509,3): error C4996: 'sscanf': This function or variable may be unsafe. Consider using sscanf_s instead. To disable deprecation, use _CRT_SECURE_NO_WARNINGS. See online help for details.
C:\muzudho\document-a\33_第15回UEC杯コンピュータ囲碁大会\cgfgoban112\cgfgoban\cgf_wsk.cpp(525,3): error C4996: 'sscanf': This function or variable may be unsafe. Consider using sscanf_s instead. To disable deprecation, use _CRT_SECURE_NO_WARNINGS. See online help for details.
C:\muzudho\document-a\33_第15回UEC杯コンピュータ囲碁大会\cgfgoban112\cgfgoban\cgf_wsk.cpp(530,3): error C4996: 'strcpy': This function or variable may be unsafe. Consider using strcpy_s instead. To disable deprecation, use _CRT_SECURE_NO_WARNINGS. See online help for details.
C:\muzudho\document-a\33_第15回UEC杯コンピュータ囲碁大会\cgfgoban112\cgfgoban\cgf_wsk.cpp(533,3): error C4996: 'strcpy': This function or variable may be unsafe. Consider using strcpy_s instead. To disable deprecation, use _CRT_SECURE_NO_WARNINGS. See online help for details.
C:\muzudho\document-a\33_第15回UEC杯コンピュータ囲碁大会\cgfgoban112\cgfgoban\cgf_wsk.cpp(544,17): error C4996: 'strtok': This function or variable may be unsafe. Consider using strtok_s instead. To disable deprecation, use _CRT_SECURE_NO_WARNINGS. See online help for details.
C:\muzudho\document-a\33_第15回UEC杯コンピュータ囲碁大会\cgfgoban112\cgfgoban\cgf_wsk.cpp(557,10): error C4996: 'strnicmp': The POSIX name for this item is deprecated. Instead, use the ISO C and C++ conformant name: _strnicmp. See online help for details.
C:\muzudho\document-a\33_第15回UEC杯コンピュータ囲碁大会\cgfgoban112\cgfgoban\cgf_wsk.cpp(571,4): error C4996: 'strcpy': This function or variable may be unsafe. Consider using strcpy_s instead. To disable deprecation, use _CRT_SECURE_NO_WARNINGS. See online help for details.
C:\muzudho\document-a\33_第15回UEC杯コンピュータ囲碁大会\cgfgoban112\cgfgoban\cgf_wsk.cpp(572,12): error C4996: 'strtok': This function or variable may be unsafe. Consider using strtok_s instead. To disable deprecation, use _CRT_SECURE_NO_WARNINGS. See online help for details.
  コードを生成中...
