c:\users\むずでょ\documents\github\kifuwarabe-uec15\visual studio cgfthink 2\cgfthink\cgfthink\release\vc143.pdb
c:\users\むずでょ\documents\github\kifuwarabe-uec15\visual studio cgfthink 2\cgfthink\cgfthink\release\cgfthink.obj
c:\users\むずでょ\documents\github\kifuwarabe-uec15\visual studio cgfthink 2\cgfthink\release\cgfthink.lib
c:\users\むずでょ\documents\github\kifuwarabe-uec15\visual studio cgfthink 2\cgfthink\release\cgfthink.exp
c:\users\むずでょ\documents\github\kifuwarabe-uec15\visual studio cgfthink 2\cgfthink\release\cgfthink.dll
c:\users\むずでょ\documents\github\kifuwarabe-uec15\visual studio cgfthink 2\cgfthink\cgfthink\release\cgfthink.ipdb
c:\users\むずでょ\documents\github\kifuwarabe-uec15\visual studio cgfthink 2\cgfthink\cgfthink\release\cgfthink.iobj
c:\users\むずでょ\documents\github\kifuwarabe-uec15\visual studio cgfthink 2\cgfthink\release\cgfthink.pdb
c:\users\むずでょ\documents\github\kifuwarabe-uec15\visual studio for cgfthink\cgfthink\cgfthink\release\cgfthink.obj
c:\users\むずでょ\documents\github\kifuwarabe-uec15\visual studio for cgfthink\cgfthink\cgfthink\release\cgfthink.ipdb
c:\users\むずでょ\documents\github\kifuwarabe-uec15\visual studio for cgfthink\cgfthink\cgfthink\release\cgfthink.iobj
c:\users\むずでょ\documents\github\kifuwarabe-uec15\visual studio for cgfthink\cgfthink\cgfthink\release\vc143.pdb
c:\users\むずでょ\documents\github\kifuwarabe-uec15\visual studio for cgfthink\cgfthink\release\cgfthink.pdb
c:\users\むずでょ\documents\github\kifuwarabe-uec15\visual studio for cgfthink\cgfthink\release\cgfthink.dll
c:\users\むずでょ\documents\github\kifuwarabe-uec15\visual studio for cgfthink\cgfthink\cgfthink\release\cgfthink.tlog\cl.command.1.tlog
c:\users\むずでょ\documents\github\kifuwarabe-uec15\visual studio for cgfthink\cgfthink\cgfthink\release\cgfthink.tlog\cl.items.tlog
c:\users\むずでょ\documents\github\kifuwarabe-uec15\visual studio for cgfthink\cgfthink\cgfthink\release\cgfthink.tlog\cl.read.1.tlog
c:\users\むずでょ\documents\github\kifuwarabe-uec15\visual studio for cgfthink\cgfthink\cgfthink\release\cgfthink.tlog\cl.write.1.tlog
c:\users\むずでょ\documents\github\kifuwarabe-uec15\visual studio for cgfthink\cgfthink\cgfthink\release\cgfthink.tlog\link.command.1.tlog
c:\users\むずでょ\documents\github\kifuwarabe-uec15\visual studio for cgfthink\cgfthink\cgfthink\release\cgfthink.tlog\link.read.1.tlog
c:\users\むずでょ\documents\github\kifuwarabe-uec15\visual studio for cgfthink\cgfthink\cgfthink\release\cgfthink.tlog\link.write.1.tlog
c:\users\むずでょ\documents\github\kifuwarabe-uec15\visual studio for cgfthink\cgfthink\cgfthink\release\cgfthink.tlog\link.write.2u.tlog
